{"/home/travis/build/npmtest/node-npmtest-astrum/test.js":{"path":"/home/travis/build/npmtest/node-npmtest-astrum/test.js","s":{"1":2,"2":2,"3":2,"4":2,"5":2,"6":2,"7":2,"8":1,"9":2,"10":2,"11":1,"12":1,"13":1,"14":1,"15":2,"16":2,"17":2,"18":2,"19":1,"20":1,"21":2,"22":2,"23":2,"24":1,"25":1,"26":1,"27":1,"28":1,"29":1,"30":1,"31":1,"32":1,"33":1,"34":1,"35":1,"36":1,"37":2,"38":2,"39":1,"40":2,"41":2,"42":1,"43":2,"44":2,"45":1,"46":2,"47":2,"48":1,"49":1,"50":1,"51":1,"52":1},"b":{"1":[2,1,1,1],"2":[1,1,1,1],"3":[1,1],"4":[1,1],"5":[1,1],"6":[1,1],"7":[1,1],"8":[1,1],"9":[1,1,1],"10":[1,1],"11":[1,1],"12":[1,1],"13":[1,1],"14":[1,1],"15":[1,1],"16":[1,1]},"f":{"1":2,"2":2,"3":2,"4":2,"5":2,"6":1,"7":1,"8":2,"9":2,"10":2,"11":2,"12":1},"fnMap":{"1":{"name":"(anonymous_1)","line":12,"loc":{"start":{"line":12,"column":1},"end":{"line":12,"column":13}}},"2":{"name":"(anonymous_2)","line":19,"loc":{"start":{"line":19,"column":5},"end":{"line":19,"column":17}}},"3":{"name":"(anonymous_3)","line":23,"loc":{"start":{"line":23,"column":24},"end":{"line":23,"column":36}}},"4":{"name":"(anonymous_4)","line":61,"loc":{"start":{"line":61,"column":5},"end":{"line":61,"column":17}}},"5":{"name":"(anonymous_5)","line":82,"loc":{"start":{"line":82,"column":5},"end":{"line":82,"column":17}}},"6":{"name":"(anonymous_6)","line":102,"loc":{"start":{"line":102,"column":83},"end":{"line":105,"column":10}},"skip":true},"7":{"name":"(anonymous_7)","line":113,"loc":{"start":{"line":113,"column":77},"end":{"line":116,"column":10}},"skip":true},"8":{"name":"(anonymous_8)","line":129,"loc":{"start":{"line":129,"column":12},"end":{"line":129,"column":40}},"skip":true},"9":{"name":"(anonymous_9)","line":137,"loc":{"start":{"line":137,"column":77},"end":{"line":140,"column":10}},"skip":true},"10":{"name":"(anonymous_10)","line":148,"loc":{"start":{"line":148,"column":83},"end":{"line":151,"column":10}},"skip":true},"11":{"name":"(anonymous_11)","line":159,"loc":{"start":{"line":159,"column":79},"end":{"line":162,"column":10}},"skip":true},"12":{"name":"(anonymous_12)","line":170,"loc":{"start":{"line":170,"column":75},"end":{"line":173,"column":10}},"skip":true}},"statementMap":{"1":{"start":{"line":12,"column":0},"end":{"line":185,"column":5}},"2":{"start":{"line":14,"column":4},"end":{"line":14,"column":14}},"3":{"start":{"line":19,"column":4},"end":{"line":56,"column":9}},"4":{"start":{"line":21,"column":8},"end":{"line":21,"column":19}},"5":{"start":{"line":23,"column":8},"end":{"line":35,"column":13}},"6":{"start":{"line":24,"column":12},"end":{"line":34,"column":13}},"7":{"start":{"line":25,"column":16},"end":{"line":28,"column":30}},"8":{"start":{"line":30,"column":16},"end":{"line":33,"column":27}},"9":{"start":{"line":37,"column":8},"end":{"line":39,"column":21}},"10":{"start":{"line":40,"column":8},"end":{"line":53,"column":9}},"11":{"start":{"line":43,"column":12},"end":{"line":46,"column":14}},"12":{"start":{"line":47,"column":12},"end":{"line":47,"column":18}},"13":{"start":{"line":50,"column":12},"end":{"line":51,"column":46}},"14":{"start":{"line":52,"column":12},"end":{"line":52,"column":18}},"15":{"start":{"line":55,"column":8},"end":{"line":55,"column":35}},"16":{"start":{"line":61,"column":4},"end":{"line":63,"column":9}},"17":{"start":{"line":62,"column":8},"end":{"line":62,"column":15}},"18":{"start":{"line":64,"column":4},"end":{"line":77,"column":5}},"19":{"start":{"line":70,"column":8},"end":{"line":70,"column":14}},"20":{"start":{"line":76,"column":8},"end":{"line":76,"column":14}},"21":{"start":{"line":82,"column":4},"end":{"line":84,"column":9}},"22":{"start":{"line":83,"column":8},"end":{"line":83,"column":15}},"23":{"start":{"line":85,"column":4},"end":{"line":184,"column":5}},"24":{"start":{"line":92,"column":8},"end":{"line":94,"column":63}},"25":{"start":{"line":95,"column":8},"end":{"line":95,"column":14}},"26":{"start":{"line":102,"column":8},"end":{"line":111,"column":10},"skip":true},"27":{"start":{"line":109,"column":12},"end":{"line":109,"column":55},"skip":true},"28":{"start":{"line":110,"column":12},"end":{"line":110,"column":48},"skip":true},"29":{"start":{"line":113,"column":8},"end":{"line":126,"column":10},"skip":true},"30":{"start":{"line":120,"column":12},"end":{"line":120,"column":76},"skip":true},"31":{"start":{"line":121,"column":12},"end":{"line":121,"column":73},"skip":true},"32":{"start":{"line":122,"column":12},"end":{"line":122,"column":74},"skip":true},"33":{"start":{"line":123,"column":12},"end":{"line":123,"column":79},"skip":true},"34":{"start":{"line":124,"column":12},"end":{"line":124,"column":25},"skip":true},"35":{"start":{"line":125,"column":12},"end":{"line":125,"column":45},"skip":true},"36":{"start":{"line":128,"column":8},"end":{"line":135,"column":14},"skip":true},"37":{"start":{"line":133,"column":16},"end":{"line":133,"column":29},"skip":true},"38":{"start":{"line":134,"column":16},"end":{"line":134,"column":55},"skip":true},"39":{"start":{"line":137,"column":8},"end":{"line":146,"column":10},"skip":true},"40":{"start":{"line":144,"column":12},"end":{"line":144,"column":25},"skip":true},"41":{"start":{"line":145,"column":12},"end":{"line":145,"column":45},"skip":true},"42":{"start":{"line":148,"column":8},"end":{"line":157,"column":10},"skip":true},"43":{"start":{"line":155,"column":12},"end":{"line":155,"column":25},"skip":true},"44":{"start":{"line":156,"column":12},"end":{"line":156,"column":48},"skip":true},"45":{"start":{"line":159,"column":8},"end":{"line":168,"column":10},"skip":true},"46":{"start":{"line":166,"column":12},"end":{"line":166,"column":25},"skip":true},"47":{"start":{"line":167,"column":12},"end":{"line":167,"column":46},"skip":true},"48":{"start":{"line":170,"column":8},"end":{"line":179,"column":10},"skip":true},"49":{"start":{"line":177,"column":12},"end":{"line":177,"column":94},"skip":true},"50":{"start":{"line":178,"column":12},"end":{"line":178,"column":48},"skip":true},"51":{"start":{"line":182,"column":8},"end":{"line":182,"column":35},"skip":true},"52":{"start":{"line":183,"column":8},"end":{"line":183,"column":14},"skip":true}},"branchMap":{"1":{"line":25,"type":"binary-expr","locations":[{"start":{"line":25,"column":23},"end":{"line":25,"column":62}},{"start":{"line":26,"column":20},"end":{"line":26,"column":70}},{"start":{"line":27,"column":20},"end":{"line":27,"column":71}},{"start":{"line":28,"column":20},"end":{"line":28,"column":29}}]},"2":{"line":30,"type":"binary-expr","locations":[{"start":{"line":30,"column":23},"end":{"line":30,"column":37}},{"start":{"line":31,"column":20},"end":{"line":31,"column":61}},{"start":{"line":32,"column":20},"end":{"line":32,"column":70}},{"start":{"line":33,"column":20},"end":{"line":33,"column":26}}]},"3":{"line":37,"type":"cond-expr","locations":[{"start":{"line":38,"column":14},"end":{"line":38,"column":20}},{"start":{"line":39,"column":14},"end":{"line":39,"column":20}}]},"4":{"line":40,"type":"switch","locations":[{"start":{"line":42,"column":8},"end":{"line":47,"column":18}},{"start":{"line":49,"column":8},"end":{"line":52,"column":18}}]},"5":{"line":44,"type":"binary-expr","locations":[{"start":{"line":44,"column":16},"end":{"line":44,"column":44}},{"start":{"line":44,"column":48},"end":{"line":44,"column":66}}]},"6":{"line":50,"type":"binary-expr","locations":[{"start":{"line":50,"column":21},"end":{"line":50,"column":49}},{"start":{"line":50,"column":53},"end":{"line":50,"column":72}}]},"7":{"line":64,"type":"switch","locations":[{"start":{"line":69,"column":4},"end":{"line":70,"column":14}},{"start":{"line":75,"column":4},"end":{"line":76,"column":14}}]},"8":{"line":85,"type":"switch","locations":[{"start":{"line":90,"column":4},"end":{"line":95,"column":14}},{"start":{"line":101,"column":4},"end":{"line":183,"column":14},"skip":true}]},"9":{"line":92,"type":"binary-expr","locations":[{"start":{"line":92,"column":18},"end":{"line":92,"column":32}},{"start":{"line":93,"column":12},"end":{"line":93,"column":53}},{"start":{"line":94,"column":12},"end":{"line":94,"column":61}}]},"10":{"line":102,"type":"binary-expr","locations":[{"start":{"line":102,"column":45},"end":{"line":102,"column":79},"skip":true},{"start":{"line":102,"column":83},"end":{"line":111,"column":9},"skip":true}]},"11":{"line":113,"type":"binary-expr","locations":[{"start":{"line":113,"column":42},"end":{"line":113,"column":73},"skip":true},{"start":{"line":113,"column":77},"end":{"line":126,"column":9},"skip":true}]},"12":{"line":128,"type":"binary-expr","locations":[{"start":{"line":128,"column":48},"end":{"line":128,"column":85},"skip":true},{"start":{"line":129,"column":12},"end":{"line":135,"column":13},"skip":true}]},"13":{"line":137,"type":"binary-expr","locations":[{"start":{"line":137,"column":42},"end":{"line":137,"column":73},"skip":true},{"start":{"line":137,"column":77},"end":{"line":146,"column":9},"skip":true}]},"14":{"line":148,"type":"binary-expr","locations":[{"start":{"line":148,"column":45},"end":{"line":148,"column":79},"skip":true},{"start":{"line":148,"column":83},"end":{"line":157,"column":9},"skip":true}]},"15":{"line":159,"type":"binary-expr","locations":[{"start":{"line":159,"column":43},"end":{"line":159,"column":75},"skip":true},{"start":{"line":159,"column":79},"end":{"line":168,"column":9},"skip":true}]},"16":{"line":170,"type":"binary-expr","locations":[{"start":{"line":170,"column":41},"end":{"line":170,"column":71},"skip":true},{"start":{"line":170,"column":75},"end":{"line":179,"column":9},"skip":true}]}},"code":["/* istanbul instrument in package npmtest_astrum */","/*jslint","    bitwise: true,","    browser: true,","    maxerr: 8,","    maxlen: 96,","    node: true,","    nomen: true,","    regexp: true,","    stupid: true","*/","(function () {","    'use strict';","    var local;","","","","    // run shared js-env code - pre-init","    (function () {","        // init local","        local = {};","        // init modeJs","        local.modeJs = (function () {","            try {","                return typeof navigator.userAgent === 'string' &&","                    typeof document.querySelector('body') === 'object' &&","                    typeof XMLHttpRequest.prototype.open === 'function' &&","                    'browser';","            } catch (errorCaughtBrowser) {","                return module.exports &&","                    typeof process.versions.node === 'string' &&","                    typeof require('http').createServer === 'function' &&","                    'node';","            }","        }());","        // init global","        local.global = local.modeJs === 'browser'","            ? window","            : global;","        switch (local.modeJs) {","        // re-init local from window.local","        case 'browser':","            local = local.global.utility2.objectSetDefault(","                local.global.utility2_rollup || local.global.local,","                local.global.utility2","            );","            break;","        // re-init local from example.js","        case 'node':","            local = (local.global.utility2_rollup || require('utility2'))","                .requireExampleJsFromReadme();","            break;","        }","        // export local","        local.global.local = local;","    }());","","","","    // run shared js-env code - function","    (function () {","        return;","    }());","    switch (local.modeJs) {","","","","    // run browser js-env code - function","    case 'browser':","        break;","","","","    // run node js-env code - function","    case 'node':","        break;","    }","","","","    // run shared js-env code - post-init","    (function () {","        return;","    }());","    switch (local.modeJs) {","","","","    // run browser js-env code - post-init","    case 'browser':","        // run tests","        local.nop(local.modeTest &&","            document.querySelector('#testRunButton1') &&","            document.querySelector('#testRunButton1').click());","        break;","","","","    // run node js-env code - post-init","    /* istanbul ignore next */","    case 'node':","        local.testCase_buildApidoc_default = local.testCase_buildApidoc_default || function (","            options,","            onError","        ) {","        /*","         * this function will test buildApidoc's default handling-behavior-behavior","         */","            options = { modulePathList: module.paths };","            local.buildApidoc(options, onError);","        };","","        local.testCase_buildApp_default = local.testCase_buildApp_default || function (","            options,","            onError","        ) {","        /*","         * this function will test buildApp's default handling-behavior-behavior","         */","            local.testCase_buildReadme_default(options, local.onErrorThrow);","            local.testCase_buildLib_default(options, local.onErrorThrow);","            local.testCase_buildTest_default(options, local.onErrorThrow);","            local.testCase_buildCustomOrg_default(options, local.onErrorThrow);","            options = [];","            local.buildApp(options, onError);","        };","","        local.testCase_buildCustomOrg_default = local.testCase_buildCustomOrg_default ||","            function (options, onError) {","            /*","             * this function will test buildCustomOrg's default handling-behavior","             */","                options = {};","                local.buildCustomOrg(options, onError);","            };","","        local.testCase_buildLib_default = local.testCase_buildLib_default || function (","            options,","            onError","        ) {","        /*","         * this function will test buildLib's default handling-behavior","         */","            options = {};","            local.buildLib(options, onError);","        };","","        local.testCase_buildReadme_default = local.testCase_buildReadme_default || function (","            options,","            onError","        ) {","        /*","         * this function will test buildReadme's default handling-behavior-behavior","         */","            options = {};","            local.buildReadme(options, onError);","        };","","        local.testCase_buildTest_default = local.testCase_buildTest_default || function (","            options,","            onError","        ) {","        /*","         * this function will test buildTest's default handling-behavior","         */","            options = {};","            local.buildTest(options, onError);","        };","","        local.testCase_webpage_default = local.testCase_webpage_default || function (","            options,","            onError","        ) {","        /*","         * this function will test webpage's default handling-behavior","         */","            options = { modeCoverageMerge: true, url: local.serverLocalHost + '?modeTest=1' };","            local.browserTest(options, onError);","        };","","        // run test-server","        local.testRunServer(local);","        break;","    }","}());",""],"l":{"12":2,"14":2,"19":2,"21":2,"23":2,"24":2,"25":2,"30":1,"37":2,"40":2,"43":1,"47":1,"50":1,"52":1,"55":2,"61":2,"62":2,"64":2,"70":1,"76":1,"82":2,"83":2,"85":2,"92":1,"95":1,"102":1,"109":1,"110":1,"113":1,"120":1,"121":1,"122":1,"123":1,"124":1,"125":1,"128":1,"133":2,"134":2,"137":1,"144":2,"145":2,"148":1,"155":2,"156":2,"159":1,"166":2,"167":2,"170":1,"177":1,"178":1,"182":1,"183":1}},"/home/travis/build/npmtest/node-npmtest-astrum/lib.npmtest_astrum.js":{"path":"/home/travis/build/npmtest/node-npmtest-astrum/lib.npmtest_astrum.js","s":{"1":2,"2":2,"3":2,"4":2,"5":2,"6":2,"7":2,"8":1,"9":2,"10":2,"11":2,"12":2,"13":1,"14":1,"15":1,"16":1},"b":{"1":[2,1,1,1],"2":[1,1,1,1],"3":[1,1],"4":[2,2],"5":[1,1]},"f":{"1":2,"2":2,"3":2},"fnMap":{"1":{"name":"(anonymous_1)","line":12,"loc":{"start":{"line":12,"column":1},"end":{"line":12,"column":13}}},"2":{"name":"(anonymous_2)","line":19,"loc":{"start":{"line":19,"column":5},"end":{"line":19,"column":17}}},"3":{"name":"(anonymous_3)","line":23,"loc":{"start":{"line":23,"column":24},"end":{"line":23,"column":36}}}},"statementMap":{"1":{"start":{"line":12,"column":0},"end":{"line":53,"column":5}},"2":{"start":{"line":14,"column":4},"end":{"line":14,"column":14}},"3":{"start":{"line":19,"column":4},"end":{"line":52,"column":9}},"4":{"start":{"line":21,"column":8},"end":{"line":21,"column":19}},"5":{"start":{"line":23,"column":8},"end":{"line":35,"column":13}},"6":{"start":{"line":24,"column":12},"end":{"line":34,"column":13}},"7":{"start":{"line":25,"column":16},"end":{"line":28,"column":30}},"8":{"start":{"line":30,"column":16},"end":{"line":33,"column":27}},"9":{"start":{"line":37,"column":8},"end":{"line":39,"column":21}},"10":{"start":{"line":41,"column":8},"end":{"line":41,"column":54}},"11":{"start":{"line":43,"column":8},"end":{"line":43,"column":51}},"12":{"start":{"line":45,"column":8},"end":{"line":51,"column":9}},"13":{"start":{"line":46,"column":12},"end":{"line":46,"column":57}},"14":{"start":{"line":48,"column":12},"end":{"line":48,"column":35}},"15":{"start":{"line":49,"column":12},"end":{"line":49,"column":49}},"16":{"start":{"line":50,"column":12},"end":{"line":50,"column":43}}},"branchMap":{"1":{"line":25,"type":"binary-expr","locations":[{"start":{"line":25,"column":23},"end":{"line":25,"column":62}},{"start":{"line":26,"column":20},"end":{"line":26,"column":70}},{"start":{"line":27,"column":20},"end":{"line":27,"column":71}},{"start":{"line":28,"column":20},"end":{"line":28,"column":29}}]},"2":{"line":30,"type":"binary-expr","locations":[{"start":{"line":30,"column":23},"end":{"line":30,"column":37}},{"start":{"line":31,"column":20},"end":{"line":31,"column":61}},{"start":{"line":32,"column":20},"end":{"line":32,"column":70}},{"start":{"line":33,"column":20},"end":{"line":33,"column":26}}]},"3":{"line":37,"type":"cond-expr","locations":[{"start":{"line":38,"column":14},"end":{"line":38,"column":20}},{"start":{"line":39,"column":14},"end":{"line":39,"column":20}}]},"4":{"line":41,"type":"binary-expr","locations":[{"start":{"line":41,"column":16},"end":{"line":41,"column":44}},{"start":{"line":41,"column":48},"end":{"line":41,"column":53}}]},"5":{"line":45,"type":"if","locations":[{"start":{"line":45,"column":8},"end":{"line":45,"column":8}},{"start":{"line":45,"column":8},"end":{"line":45,"column":8}}]}},"code":["/* istanbul instrument in package npmtest_astrum */","/*jslint","    bitwise: true,","    browser: true,","    maxerr: 8,","    maxlen: 96,","    node: true,","    nomen: true,","    regexp: true,","    stupid: true","*/","(function () {","    'use strict';","    var local;","","","","    // run shared js-env code - pre-init","    (function () {","        // init local","        local = {};","        // init modeJs","        local.modeJs = (function () {","            try {","                return typeof navigator.userAgent === 'string' &&","                    typeof document.querySelector('body') === 'object' &&","                    typeof XMLHttpRequest.prototype.open === 'function' &&","                    'browser';","            } catch (errorCaughtBrowser) {","                return module.exports &&","                    typeof process.versions.node === 'string' &&","                    typeof require('http').createServer === 'function' &&","                    'node';","            }","        }());","        // init global","        local.global = local.modeJs === 'browser'","            ? window","            : global;","        // init utility2_rollup","        local = local.global.utility2_rollup || local;","        // init lib","        local.local = local.npmtest_astrum = local;","        // init exports","        if (local.modeJs === 'browser') {","            local.global.utility2_npmtest_astrum = local;","        } else {","            module.exports = local;","            module.exports.__dirname = __dirname;","            module.exports.module = module;","        }","    }());","}());",""],"l":{"12":2,"14":2,"19":2,"21":2,"23":2,"24":2,"25":2,"30":1,"37":2,"41":2,"43":2,"45":2,"46":1,"48":1,"49":1,"50":1}},"/home/travis/build/npmtest/node-npmtest-astrum/example.js":{"path":"/home/travis/build/npmtest/node-npmtest-astrum/example.js","s":{"1":2,"2":2,"3":2,"4":2,"5":2,"6":2,"7":2,"8":1,"9":2,"10":2,"11":2,"12":2,"13":1,"14":2,"15":2,"16":2,"17":2,"18":2,"19":0,"20":2,"21":1,"22":1,"23":1,"24":1,"25":1,"26":0,"27":0,"28":1,"29":1,"30":2,"31":0,"32":0,"33":0,"34":1,"35":2,"36":2,"37":2,"38":2,"39":2,"40":2,"41":0,"42":2,"43":2,"44":2,"45":1,"46":3,"47":1,"48":1,"49":1,"50":1,"51":1,"52":1,"53":1,"54":1,"55":1,"56":1,"57":0,"58":1,"59":6,"60":6,"61":1,"62":2,"63":0,"64":2,"65":1,"66":1,"67":0,"68":0,"69":0,"70":0,"71":0,"72":0,"73":0,"74":0,"75":0,"76":0,"77":0,"78":0,"79":0,"80":0,"81":0,"82":0,"83":0},"b":{"1":[2,1,1,1],"2":[1,1,1,1],"3":[1,1],"4":[2,2],"5":[1,1],"6":[1,1],"7":[2,0],"8":[2,1,1,1,1,1],"9":[0,2,0],"10":[1,1],"11":[2,1,1],"12":[1,0],"13":[0,2],"14":[2,0,0,0,0,0,0],"15":[0,2],"16":[2,0],"17":[1,1],"18":[0,1],"19":[1,2,0,2],"20":[1,0],"21":[1,1],"22":[0,0],"23":[0,0],"24":[0,0],"25":[0,0],"26":[0,0],"27":[0,0],"28":[0,0]},"f":{"1":2,"2":2,"3":2,"4":2,"5":2,"6":2,"7":2,"8":2,"9":3,"10":1,"11":6,"12":0},"fnMap":{"1":{"name":"(anonymous_1)","line":26,"loc":{"start":{"line":26,"column":1},"end":{"line":26,"column":13}}},"2":{"name":"(anonymous_2)","line":33,"loc":{"start":{"line":33,"column":5},"end":{"line":33,"column":17}}},"3":{"name":"(anonymous_3)","line":37,"loc":{"start":{"line":37,"column":24},"end":{"line":37,"column":36}}},"4":{"name":"(anonymous_4)","line":69,"loc":{"start":{"line":69,"column":31},"end":{"line":69,"column":48}},"skip":true},"5":{"name":"(anonymous_5)","line":78,"loc":{"start":{"line":78,"column":26},"end":{"line":78,"column":45}},"skip":true},"6":{"name":"(anonymous_6)","line":123,"loc":{"start":{"line":123,"column":33},"end":{"line":123,"column":48}},"skip":true},"7":{"name":"(anonymous_7)","line":125,"loc":{"start":{"line":125,"column":27},"end":{"line":125,"column":39}},"skip":true},"8":{"name":"(anonymous_8)","line":133,"loc":{"start":{"line":133,"column":59},"end":{"line":133,"column":74}},"skip":true},"9":{"name":"(anonymous_9)","line":143,"loc":{"start":{"line":143,"column":45},"end":{"line":143,"column":62}},"skip":true},"10":{"name":"(anonymous_10)","line":144,"loc":{"start":{"line":144,"column":73},"end":{"line":144,"column":92}},"skip":true},"11":{"name":"(anonymous_11)","line":272,"loc":{"start":{"line":272,"column":51},"end":{"line":272,"column":77}},"skip":true},"12":{"name":"(anonymous_12)","line":314,"loc":{"start":{"line":314,"column":32},"end":{"line":314,"column":61}},"skip":true}},"statementMap":{"1":{"start":{"line":26,"column":0},"end":{"line":325,"column":5}},"2":{"start":{"line":28,"column":4},"end":{"line":28,"column":14}},"3":{"start":{"line":33,"column":4},"end":{"line":60,"column":9}},"4":{"start":{"line":35,"column":8},"end":{"line":35,"column":19}},"5":{"start":{"line":37,"column":8},"end":{"line":49,"column":13}},"6":{"start":{"line":38,"column":12},"end":{"line":48,"column":13}},"7":{"start":{"line":39,"column":16},"end":{"line":42,"column":30}},"8":{"start":{"line":44,"column":16},"end":{"line":47,"column":27}},"9":{"start":{"line":51,"column":8},"end":{"line":53,"column":21}},"10":{"start":{"line":55,"column":8},"end":{"line":57,"column":45}},"11":{"start":{"line":59,"column":8},"end":{"line":59,"column":35}},"12":{"start":{"line":61,"column":4},"end":{"line":324,"column":5}},"13":{"start":{"line":69,"column":8},"end":{"line":121,"column":10},"skip":true},"14":{"start":{"line":70,"column":12},"end":{"line":88,"column":13},"skip":true},"15":{"start":{"line":76,"column":16},"end":{"line":87,"column":19},"skip":true},"16":{"start":{"line":79,"column":20},"end":{"line":86,"column":21},"skip":true},"17":{"start":{"line":82,"column":24},"end":{"line":82,"column":43},"skip":true},"18":{"start":{"line":83,"column":24},"end":{"line":83,"column":30},"skip":true},"19":{"start":{"line":85,"column":24},"end":{"line":85,"column":49},"skip":true},"20":{"start":{"line":89,"column":12},"end":{"line":107,"column":13},"skip":true},"21":{"start":{"line":92,"column":16},"end":{"line":102,"column":17},"skip":true},"22":{"start":{"line":93,"column":20},"end":{"line":93,"column":86},"skip":true},"23":{"start":{"line":94,"column":20},"end":{"line":95,"column":45},"skip":true},"24":{"start":{"line":96,"column":20},"end":{"line":96,"column":42},"skip":true},"25":{"start":{"line":97,"column":20},"end":{"line":97,"column":48},"skip":true},"26":{"start":{"line":100,"column":20},"end":{"line":100,"column":85},"skip":true},"27":{"start":{"line":101,"column":20},"end":{"line":101,"column":96},"skip":true},"28":{"start":{"line":103,"column":16},"end":{"line":103,"column":22},"skip":true},"29":{"start":{"line":106,"column":16},"end":{"line":106,"column":22},"skip":true},"30":{"start":{"line":108,"column":12},"end":{"line":120,"column":13},"skip":true},"31":{"start":{"line":114,"column":16},"end":{"line":119,"column":17},"skip":true},"32":{"start":{"line":116,"column":20},"end":{"line":116,"column":78},"skip":true},"33":{"start":{"line":118,"column":20},"end":{"line":118,"column":47},"skip":true},"34":{"start":{"line":123,"column":8},"end":{"line":141,"column":11},"skip":true},"35":{"start":{"line":124,"column":12},"end":{"line":124,"column":54},"skip":true},"36":{"start":{"line":125,"column":12},"end":{"line":140,"column":14},"skip":true},"37":{"start":{"line":126,"column":16},"end":{"line":126,"column":28},"skip":true},"38":{"start":{"line":127,"column":16},"end":{"line":127,"column":69},"skip":true},"39":{"start":{"line":128,"column":16},"end":{"line":128,"column":75},"skip":true},"40":{"start":{"line":129,"column":16},"end":{"line":131,"column":17},"skip":true},"41":{"start":{"line":130,"column":20},"end":{"line":130,"column":27},"skip":true},"42":{"start":{"line":133,"column":16},"end":{"line":137,"column":36},"skip":true},"43":{"start":{"line":134,"column":20},"end":{"line":136,"column":55},"skip":true},"44":{"start":{"line":139,"column":16},"end":{"line":139,"column":57},"skip":true},"45":{"start":{"line":143,"column":8},"end":{"line":147,"column":11},"skip":true},"46":{"start":{"line":144,"column":12},"end":{"line":146,"column":15},"skip":true},"47":{"start":{"line":145,"column":16},"end":{"line":145,"column":70},"skip":true},"48":{"start":{"line":149,"column":8},"end":{"line":149,"column":31},"skip":true},"49":{"start":{"line":150,"column":8},"end":{"line":150,"column":14},"skip":true},"50":{"start":{"line":158,"column":8},"end":{"line":158,"column":31},"skip":true},"51":{"start":{"line":160,"column":8},"end":{"line":160,"column":33},"skip":true},"52":{"start":{"line":161,"column":8},"end":{"line":161,"column":37},"skip":true},"53":{"start":{"line":162,"column":8},"end":{"line":162,"column":35},"skip":true},"54":{"start":{"line":164,"column":8},"end":{"line":164,"column":50},"skip":true},"55":{"start":{"line":166,"column":8},"end":{"line":256,"column":2},"skip":true},"56":{"start":{"line":258,"column":8},"end":{"line":286,"column":9},"skip":true},"57":{"start":{"line":259,"column":12},"end":{"line":269,"column":14},"skip":true},"58":{"start":{"line":271,"column":12},"end":{"line":285,"column":19},"skip":true},"59":{"start":{"line":274,"column":20},"end":{"line":274,"column":35},"skip":true},"60":{"start":{"line":275,"column":20},"end":{"line":284,"column":21},"skip":true},"61":{"start":{"line":277,"column":24},"end":{"line":277,"column":64},"skip":true},"62":{"start":{"line":279,"column":24},"end":{"line":279,"column":40},"skip":true},"63":{"start":{"line":281,"column":24},"end":{"line":281,"column":40},"skip":true},"64":{"start":{"line":283,"column":24},"end":{"line":283,"column":39},"skip":true},"65":{"start":{"line":288,"column":8},"end":{"line":290,"column":9},"skip":true},"66":{"start":{"line":289,"column":12},"end":{"line":289,"column":18},"skip":true},"67":{"start":{"line":291,"column":8},"end":{"line":293,"column":54},"skip":true},"68":{"start":{"line":294,"column":8},"end":{"line":301,"column":37},"skip":true},"69":{"start":{"line":302,"column":8},"end":{"line":302,"column":82},"skip":true},"70":{"start":{"line":305,"column":8},"end":{"line":307,"column":9},"skip":true},"71":{"start":{"line":306,"column":12},"end":{"line":306,"column":82},"skip":true},"72":{"start":{"line":309,"column":8},"end":{"line":311,"column":9},"skip":true},"73":{"start":{"line":310,"column":12},"end":{"line":310,"column":18},"skip":true},"74":{"start":{"line":312,"column":8},"end":{"line":312,"column":54},"skip":true},"75":{"start":{"line":313,"column":8},"end":{"line":313,"column":69},"skip":true},"76":{"start":{"line":314,"column":8},"end":{"line":322,"column":36},"skip":true},"77":{"start":{"line":315,"column":12},"end":{"line":315,"column":61},"skip":true},"78":{"start":{"line":316,"column":12},"end":{"line":319,"column":13},"skip":true},"79":{"start":{"line":317,"column":16},"end":{"line":317,"column":75},"skip":true},"80":{"start":{"line":318,"column":16},"end":{"line":318,"column":23},"skip":true},"81":{"start":{"line":320,"column":12},"end":{"line":320,"column":38},"skip":true},"82":{"start":{"line":321,"column":12},"end":{"line":321,"column":27},"skip":true},"83":{"start":{"line":323,"column":8},"end":{"line":323,"column":14},"skip":true}},"branchMap":{"1":{"line":39,"type":"binary-expr","locations":[{"start":{"line":39,"column":23},"end":{"line":39,"column":62}},{"start":{"line":40,"column":20},"end":{"line":40,"column":70}},{"start":{"line":41,"column":20},"end":{"line":41,"column":71}},{"start":{"line":42,"column":20},"end":{"line":42,"column":29}}]},"2":{"line":44,"type":"binary-expr","locations":[{"start":{"line":44,"column":23},"end":{"line":44,"column":37}},{"start":{"line":45,"column":20},"end":{"line":45,"column":61}},{"start":{"line":46,"column":20},"end":{"line":46,"column":70}},{"start":{"line":47,"column":20},"end":{"line":47,"column":26}}]},"3":{"line":51,"type":"cond-expr","locations":[{"start":{"line":52,"column":14},"end":{"line":52,"column":20}},{"start":{"line":53,"column":14},"end":{"line":53,"column":20}}]},"4":{"line":55,"type":"binary-expr","locations":[{"start":{"line":55,"column":16},"end":{"line":55,"column":44}},{"start":{"line":55,"column":49},"end":{"line":57,"column":43}}]},"5":{"line":55,"type":"cond-expr","locations":[{"start":{"line":56,"column":14},"end":{"line":56,"column":50}},{"start":{"line":57,"column":14},"end":{"line":57,"column":43}}]},"6":{"line":61,"type":"switch","locations":[{"start":{"line":68,"column":4},"end":{"line":150,"column":14},"skip":true},{"start":{"line":156,"column":4},"end":{"line":323,"column":14},"skip":true}]},"7":{"line":70,"type":"if","locations":[{"start":{"line":70,"column":12},"end":{"line":70,"column":12},"skip":true},{"start":{"line":70,"column":12},"end":{"line":70,"column":12},"skip":true}]},"8":{"line":70,"type":"binary-expr","locations":[{"start":{"line":70,"column":16},"end":{"line":70,"column":22},"skip":true},{"start":{"line":70,"column":27},"end":{"line":70,"column":32},"skip":true},{"start":{"line":71,"column":20},"end":{"line":71,"column":39},"skip":true},{"start":{"line":72,"column":20},"end":{"line":72,"column":49},"skip":true},{"start":{"line":73,"column":20},"end":{"line":73,"column":58},"skip":true},{"start":{"line":74,"column":20},"end":{"line":74,"column":69},"skip":true}]},"9":{"line":79,"type":"switch","locations":[{"start":{"line":80,"column":20},"end":{"line":80,"column":33},"skip":true},{"start":{"line":81,"column":20},"end":{"line":83,"column":30},"skip":true},{"start":{"line":84,"column":20},"end":{"line":85,"column":49},"skip":true}]},"10":{"line":89,"type":"switch","locations":[{"start":{"line":90,"column":12},"end":{"line":103,"column":22},"skip":true},{"start":{"line":105,"column":12},"end":{"line":106,"column":22},"skip":true}]},"11":{"line":89,"type":"binary-expr","locations":[{"start":{"line":89,"column":20},"end":{"line":89,"column":25},"skip":true},{"start":{"line":89,"column":29},"end":{"line":89,"column":48},"skip":true},{"start":{"line":89,"column":52},"end":{"line":89,"column":74},"skip":true}]},"12":{"line":92,"type":"if","locations":[{"start":{"line":92,"column":16},"end":{"line":92,"column":16},"skip":true},{"start":{"line":92,"column":16},"end":{"line":92,"column":16},"skip":true}]},"13":{"line":108,"type":"if","locations":[{"start":{"line":108,"column":12},"end":{"line":108,"column":12},"skip":true},{"start":{"line":108,"column":12},"end":{"line":108,"column":12},"skip":true}]},"14":{"line":108,"type":"binary-expr","locations":[{"start":{"line":108,"column":16},"end":{"line":108,"column":61},"skip":true},{"start":{"line":108,"column":66},"end":{"line":108,"column":72},"skip":true},{"start":{"line":108,"column":77},"end":{"line":108,"column":82},"skip":true},{"start":{"line":109,"column":20},"end":{"line":109,"column":39},"skip":true},{"start":{"line":110,"column":20},"end":{"line":110,"column":49},"skip":true},{"start":{"line":111,"column":20},"end":{"line":111,"column":58},"skip":true},{"start":{"line":112,"column":20},"end":{"line":112,"column":68},"skip":true}]},"15":{"line":129,"type":"if","locations":[{"start":{"line":129,"column":16},"end":{"line":129,"column":16},"skip":true},{"start":{"line":129,"column":16},"end":{"line":129,"column":16},"skip":true}]},"16":{"line":134,"type":"cond-expr","locations":[{"start":{"line":135,"column":26},"end":{"line":135,"column":29},"skip":true},{"start":{"line":136,"column":26},"end":{"line":136,"column":54},"skip":true}]},"17":{"line":164,"type":"binary-expr","locations":[{"start":{"line":164,"column":27},"end":{"line":164,"column":43},"skip":true},{"start":{"line":164,"column":47},"end":{"line":164,"column":49},"skip":true}]},"18":{"line":258,"type":"if","locations":[{"start":{"line":258,"column":8},"end":{"line":258,"column":8},"skip":true},{"start":{"line":258,"column":8},"end":{"line":258,"column":8},"skip":true}]},"19":{"line":275,"type":"switch","locations":[{"start":{"line":276,"column":20},"end":{"line":277,"column":64},"skip":true},{"start":{"line":278,"column":20},"end":{"line":279,"column":40},"skip":true},{"start":{"line":280,"column":20},"end":{"line":281,"column":40},"skip":true},{"start":{"line":282,"column":20},"end":{"line":283,"column":39},"skip":true}]},"20":{"line":288,"type":"if","locations":[{"start":{"line":288,"column":8},"end":{"line":288,"column":8},"skip":true},{"start":{"line":288,"column":8},"end":{"line":288,"column":8},"skip":true}]},"21":{"line":288,"type":"binary-expr","locations":[{"start":{"line":288,"column":12},"end":{"line":288,"column":40},"skip":true},{"start":{"line":288,"column":44},"end":{"line":288,"column":67},"skip":true}]},"22":{"line":292,"type":"binary-expr","locations":[{"start":{"line":292,"column":12},"end":{"line":292,"column":50},"skip":true},{"start":{"line":293,"column":12},"end":{"line":293,"column":53},"skip":true}]},"23":{"line":295,"type":"binary-expr","locations":[{"start":{"line":295,"column":12},"end":{"line":295,"column":64},"skip":true},{"start":{"line":296,"column":12},"end":{"line":301,"column":36},"skip":true}]},"24":{"line":302,"type":"binary-expr","locations":[{"start":{"line":302,"column":43},"end":{"line":302,"column":75},"skip":true},{"start":{"line":302,"column":79},"end":{"line":302,"column":81},"skip":true}]},"25":{"line":305,"type":"if","locations":[{"start":{"line":305,"column":8},"end":{"line":305,"column":8},"skip":true},{"start":{"line":305,"column":8},"end":{"line":305,"column":8},"skip":true}]},"26":{"line":309,"type":"if","locations":[{"start":{"line":309,"column":8},"end":{"line":309,"column":8},"skip":true},{"start":{"line":309,"column":8},"end":{"line":309,"column":8},"skip":true}]},"27":{"line":312,"type":"binary-expr","locations":[{"start":{"line":312,"column":27},"end":{"line":312,"column":43},"skip":true},{"start":{"line":312,"column":47},"end":{"line":312,"column":53},"skip":true}]},"28":{"line":316,"type":"if","locations":[{"start":{"line":316,"column":12},"end":{"line":316,"column":12},"skip":true},{"start":{"line":316,"column":12},"end":{"line":316,"column":12},"skip":true}]}},"code":["/*","example.js","","quickstart example","","instruction","    1. save this script as example.js","    2. run the shell command:","        $ npm install npmtest-astrum && PORT=8081 node example.js","    3. play with the browser-demo on http://127.0.0.1:8081","*/","","","","/* istanbul instrument in package npmtest_astrum */","/*jslint","    bitwise: true,","    browser: true,","    maxerr: 8,","    maxlen: 96,","    node: true,","    nomen: true,","    regexp: true,","    stupid: true","*/","(function () {","    'use strict';","    var local;","","","","    // run shared js-env code - pre-init","    (function () {","        // init local","        local = {};","        // init modeJs","        local.modeJs = (function () {","            try {","                return typeof navigator.userAgent === 'string' &&","                    typeof document.querySelector('body') === 'object' &&","                    typeof XMLHttpRequest.prototype.open === 'function' &&","                    'browser';","            } catch (errorCaughtBrowser) {","                return module.exports &&","                    typeof process.versions.node === 'string' &&","                    typeof require('http').createServer === 'function' &&","                    'node';","            }","        }());","        // init global","        local.global = local.modeJs === 'browser'","            ? window","            : global;","        // init utility2_rollup","        local = local.global.utility2_rollup || (local.modeJs === 'browser'","            ? local.global.utility2_npmtest_astrum","            : global.utility2_moduleExports);","        // export local","        local.global.local = local;","    }());","    switch (local.modeJs) {","","","","    // post-init","    // run browser js-env code - post-init","    /* istanbul ignore next */","    case 'browser':","        local.testRunBrowser = function (event) {","            if (!event || (event &&","                    event.currentTarget &&","                    event.currentTarget.className &&","                    event.currentTarget.className.includes &&","                    event.currentTarget.className.includes('onreset'))) {","                // reset output","                Array.from(","                    document.querySelectorAll('body > .resettable')","                ).forEach(function (element) {","                    switch (element.tagName) {","                    case 'INPUT':","                    case 'TEXTAREA':","                        element.value = '';","                        break;","                    default:","                        element.textContent = '';","                    }","                });","            }","            switch (event && event.currentTarget && event.currentTarget.id) {","            case 'testRunButton1':","                // show tests","                if (document.querySelector('#testReportDiv1').style.display === 'none') {","                    document.querySelector('#testReportDiv1').style.display = 'block';","                    document.querySelector('#testRunButton1').textContent =","                        'hide internal test';","                    local.modeTest = true;","                    local.testRunDefault(local);","                // hide tests","                } else {","                    document.querySelector('#testReportDiv1').style.display = 'none';","                    document.querySelector('#testRunButton1').textContent = 'run internal test';","                }","                break;","            // custom-case","            default:","                break;","            }","            if (document.querySelector('#inputTextareaEval1') && (!event || (event &&","                    event.currentTarget &&","                    event.currentTarget.className &&","                    event.currentTarget.className.includes &&","                    event.currentTarget.className.includes('oneval')))) {","                // try to eval input-code","                try {","                    /*jslint evil: true*/","                    eval(document.querySelector('#inputTextareaEval1').value);","                } catch (errorCaught) {","                    console.error(errorCaught);","                }","            }","        };","        // log stderr and stdout to #outputTextareaStdout1","        ['error', 'log'].forEach(function (key) {","            console[key + '_original'] = console[key];","            console[key] = function () {","                var element;","                console[key + '_original'].apply(console, arguments);","                element = document.querySelector('#outputTextareaStdout1');","                if (!element) {","                    return;","                }","                // append text to #outputTextareaStdout1","                element.value += Array.from(arguments).map(function (arg) {","                    return typeof arg === 'string'","                        ? arg","                        : JSON.stringify(arg, null, 4);","                }).join(' ') + '\\n';","                // scroll textarea to bottom","                element.scrollTop = element.scrollHeight;","            };","        });","        // init event-handling","        ['change', 'click', 'keyup'].forEach(function (event) {","            Array.from(document.querySelectorAll('.on' + event)).forEach(function (element) {","                element.addEventListener(event, local.testRunBrowser);","            });","        });","        // run tests","        local.testRunBrowser();","        break;","","","","    // run node js-env code - post-init","    /* istanbul ignore next */","    case 'node':","        // export local","        module.exports = local;","        // require modules","        local.fs = require('fs');","        local.http = require('http');","        local.url = require('url');","        // init assets","        local.assetsDict = local.assetsDict || {};","        /* jslint-ignore-begin */","        local.assetsDict['/assets.index.template.html'] = '\\","<!doctype html>\\n\\","<html lang=\"en\">\\n\\","<head>\\n\\","<meta charset=\"UTF-8\">\\n\\","<meta name=\"viewport\" content=\"width=device-width, initial-scale=1\">\\n\\","<title>{{env.npm_package_name}} (v{{env.npm_package_version}})</title>\\n\\","<style>\\n\\","/*csslint\\n\\","    box-sizing: false,\\n\\","    universal-selector: false\\n\\","*/\\n\\","* {\\n\\","    box-sizing: border-box;\\n\\","}\\n\\","body {\\n\\","    background: #dde;\\n\\","    font-family: Arial, Helvetica, sans-serif;\\n\\","    margin: 2rem;\\n\\","}\\n\\","body > * {\\n\\","    margin-bottom: 1rem;\\n\\","}\\n\\",".utility2FooterDiv {\\n\\","    margin-top: 20px;\\n\\","    text-align: center;\\n\\","}\\n\\","</style>\\n\\","<style>\\n\\","/*csslint\\n\\","*/\\n\\","textarea {\\n\\","    font-family: monospace;\\n\\","    height: 10rem;\\n\\","    width: 100%;\\n\\","}\\n\\","textarea[readonly] {\\n\\","    background: #ddd;\\n\\","}\\n\\","</style>\\n\\","</head>\\n\\","<body>\\n\\","<!-- utility2-comment\\n\\","<div id=\"ajaxProgressDiv1\" style=\"background: #d00; height: 2px; left: 0; margin: 0; padding: 0; position: fixed; top: 0; transition: background 0.5s, width 1.5s; width: 25%;\"></div>\\n\\","utility2-comment -->\\n\\","<h1>\\n\\","<!-- utility2-comment\\n\\","    <a\\n\\","        {{#if env.npm_package_homepage}}\\n\\","        href=\"{{env.npm_package_homepage}}\"\\n\\","        {{/if env.npm_package_homepage}}\\n\\","        target=\"_blank\"\\n\\","    >\\n\\","utility2-comment -->\\n\\","        {{env.npm_package_name}} (v{{env.npm_package_version}})\\n\\","<!-- utility2-comment\\n\\","    </a>\\n\\","utility2-comment -->\\n\\","</h1>\\n\\","<h3>{{env.npm_package_description}}</h3>\\n\\","<!-- utility2-comment\\n\\","<h4><a download href=\"assets.app.js\">download standalone app</a></h4>\\n\\","<button class=\"onclick onreset\" id=\"testRunButton1\">run internal test</button><br>\\n\\","<div id=\"testReportDiv1\" style=\"display: none;\"></div>\\n\\","utility2-comment -->\\n\\","\\n\\","\\n\\","\\n\\","<label>stderr and stdout</label>\\n\\","<textarea class=\"resettable\" id=\"outputTextareaStdout1\" readonly></textarea>\\n\\","<!-- utility2-comment\\n\\","{{#if isRollup}}\\n\\","<script src=\"assets.app.js\"></script>\\n\\","{{#unless isRollup}}\\n\\","utility2-comment -->\\n\\","<script src=\"assets.utility2.rollup.js\"></script>\\n\\","<script src=\"jsonp.utility2._stateInit?callback=window.utility2._stateInit\"></script>\\n\\","<script src=\"assets.npmtest_astrum.rollup.js\"></script>\\n\\","<script src=\"assets.example.js\"></script>\\n\\","<script src=\"assets.test.js\"></script>\\n\\","<!-- utility2-comment\\n\\","{{/if isRollup}}\\n\\","utility2-comment -->\\n\\","<div class=\"utility2FooterDiv\">\\n\\","    [ this app was created with\\n\\","    <a href=\"https://github.com/kaizhu256/node-utility2\" target=\"_blank\">utility2</a>\\n\\","    ]\\n\\","</div>\\n\\","</body>\\n\\","</html>\\n\\","';","        /* jslint-ignore-end */","        if (local.templateRender) {","            local.assetsDict['/'] = local.templateRender(","                local.assetsDict['/assets.index.template.html'],","                {","                    env: local.objectSetDefault(local.env, {","                        npm_package_description: 'the greatest app in the world!',","                        npm_package_name: 'my-app',","                        npm_package_nameAlias: 'my_app',","                        npm_package_version: '0.0.1'","                    })","                }","            );","        } else {","            local.assetsDict['/'] = local.assetsDict['/assets.index.template.html']","                .replace((/\\{\\{env\\.(\\w+?)\\}\\}/g), function (match0, match1) {","                    // jslint-hack","                    String(match0);","                    switch (match1) {","                    case 'npm_package_description':","                        return 'the greatest app in the world!';","                    case 'npm_package_name':","                        return 'my-app';","                    case 'npm_package_nameAlias':","                        return 'my_app';","                    case 'npm_package_version':","                        return '0.0.1';","                    }","                });","        }","        // run the cli","        if (local.global.utility2_rollup || module !== require.main) {","            break;","        }","        local.assetsDict['/assets.example.js'] =","            local.assetsDict['/assets.example.js'] ||","            local.fs.readFileSync(__filename, 'utf8');","        local.assetsDict['/assets.npmtest_astrum.rollup.js'] =","            local.assetsDict['/assets.npmtest_astrum.rollup.js'] ||","            local.fs.readFileSync(","                // buildCustomOrg-hack","                local.npmtest_astrum.__dirname +","                    '/lib.npmtest_astrum.js',","                'utf8'","            ).replace((/^#!/), '//');","        local.assetsDict['/favicon.ico'] = local.assetsDict['/favicon.ico'] || '';","        // if $npm_config_timeout_exit exists,","        // then exit this process after $npm_config_timeout_exit ms","        if (Number(process.env.npm_config_timeout_exit)) {","            setTimeout(process.exit, Number(process.env.npm_config_timeout_exit));","        }","        // start server","        if (local.global.utility2_serverHttp1) {","            break;","        }","        process.env.PORT = process.env.PORT || '8081';","        console.error('server starting on port ' + process.env.PORT);","        local.http.createServer(function (request, response) {","            request.urlParsed = local.url.parse(request.url);","            if (local.assetsDict[request.urlParsed.pathname] !== undefined) {","                response.end(local.assetsDict[request.urlParsed.pathname]);","                return;","            }","            response.statusCode = 404;","            response.end();","        }).listen(process.env.PORT);","        break;","    }","}());",""],"l":{"26":2,"28":2,"33":2,"35":2,"37":2,"38":2,"39":2,"44":1,"51":2,"55":2,"59":2,"61":2,"69":1,"70":2,"76":2,"79":2,"82":2,"83":2,"85":1,"89":2,"92":1,"93":1,"94":1,"96":1,"97":1,"100":1,"101":1,"103":1,"106":1,"108":2,"114":1,"116":1,"118":1,"123":1,"124":2,"125":2,"126":2,"127":2,"128":2,"129":2,"130":1,"133":2,"134":2,"139":2,"143":1,"144":3,"145":1,"149":1,"150":1,"158":1,"160":1,"161":1,"162":1,"164":1,"166":1,"258":1,"259":1,"271":1,"274":6,"275":6,"277":1,"279":2,"281":1,"283":2,"288":1,"289":1,"291":1,"294":1,"302":1,"305":1,"306":1,"309":1,"310":1,"312":1,"313":1,"314":1,"315":1,"316":1,"317":1,"318":1,"320":1,"321":1,"323":1}},"/home/travis/build/npmtest/node-npmtest-astrum/node_modules/astrum/manager/astrum.js":{"path":"/home/travis/build/npmtest/node-npmtest-astrum/node_modules/astrum/manager/astrum.js","s":{"1":1,"2":1,"3":1,"4":0,"5":1,"6":0,"7":0,"8":0,"9":0,"10":0},"b":{"1":[0,1],"2":[0,1],"3":[0,0]},"f":{},"fnMap":{},"statementMap":{"1":{"start":{"line":2,"column":0},"end":{"line":7,"column":39}},"2":{"start":{"line":9,"column":0},"end":{"line":19,"column":25}},"3":{"start":{"line":21,"column":0},"end":{"line":23,"column":1}},"4":{"start":{"line":22,"column":4},"end":{"line":22,"column":25}},"5":{"start":{"line":28,"column":0},"end":{"line":37,"column":1}},"6":{"start":{"line":29,"column":4},"end":{"line":36,"column":5}},"7":{"start":{"line":30,"column":8},"end":{"line":33,"column":9}},"8":{"start":{"line":31,"column":12},"end":{"line":31,"column":25}},"9":{"start":{"line":32,"column":12},"end":{"line":32,"column":108}},"10":{"start":{"line":35,"column":8},"end":{"line":35,"column":67}}},"branchMap":{"1":{"line":21,"type":"if","locations":[{"start":{"line":21,"column":0},"end":{"line":21,"column":0}},{"start":{"line":21,"column":0},"end":{"line":21,"column":0}}]},"2":{"line":28,"type":"if","locations":[{"start":{"line":28,"column":0},"end":{"line":28,"column":0}},{"start":{"line":28,"column":0},"end":{"line":28,"column":0}}]},"3":{"line":30,"type":"if","locations":[{"start":{"line":30,"column":8},"end":{"line":30,"column":8}},{"start":{"line":30,"column":8},"end":{"line":30,"column":8}}]}},"code":["//#!/usr/bin/env node","var program = require('commander'),","    fs = require('fs-extra'),","    chalk = require('chalk'),","    inquirer = require('inquirer'),","    utils = require('./utils'),","    pjson = require('../package.json');","","program","    .version(pjson.version)","    .usage('[command]')","    .command('init', 'initialize new pattern library')","    .command('update', 'update existing pattern library')","    .command('new', 'create a new component')","    .command('edit', 'edit a component and/or group')","    .command('delete', 'delete component and/or group')","    .command('list', 'list components')","    .option('-I, --instance', 'output the instance version number')","    .parse(process.argv);","","if (!process.argv.slice(2).length) {","    program.outputHelp();","}","","/**"," * Get instance version number."," */","if (program.instance) {","    try {","        if(utils.getConfig()) {","            utils.init();","            console.log(chalk.grey(\"This Astrum instance version is: \") + chalk.green(utils.$data.version));","        }","    } catch (e) {","        console.log(chalk.red(\"Astrum has not been initialised.\"));","    }","}"],"l":{"2":1,"9":1,"21":1,"22":0,"28":1,"29":0,"30":0,"31":0,"32":0,"35":0}},"/home/travis/build/npmtest/node-npmtest-astrum/node_modules/astrum/manager/utils.js":{"path":"/home/travis/build/npmtest/node-npmtest-astrum/node_modules/astrum/manager/utils.js","s":{"1":1,"2":1,"3":10,"4":10,"5":10,"6":10,"7":0,"8":0,"9":0,"10":0,"11":0,"12":0,"13":0,"14":0,"15":0,"16":0,"17":0,"18":0,"19":0,"20":0,"21":0,"22":0,"23":0,"24":0,"25":0,"26":0,"27":0,"28":0,"29":0,"30":0,"31":0,"32":0,"33":0,"34":0,"35":0,"36":0,"37":0,"38":0,"39":0,"40":0,"41":10,"42":10,"43":0,"44":0,"45":0,"46":0,"47":0,"48":0,"49":0,"50":0,"51":0,"52":0,"53":0,"54":0,"55":0,"56":0,"57":0,"58":0,"59":0,"60":0,"61":0,"62":0,"63":0,"64":0,"65":0,"66":0,"67":0,"68":0,"69":0,"70":0,"71":0,"72":0,"73":0,"74":0,"75":0,"76":0,"77":0,"78":0,"79":0,"80":0,"81":0,"82":0,"83":0,"84":0,"85":0,"86":0,"87":0,"88":0,"89":0,"90":0,"91":0,"92":0,"93":0,"94":0,"95":0,"96":0,"97":0,"98":0,"99":0,"100":0,"101":0,"102":0,"103":0,"104":0,"105":0,"106":0,"107":0,"108":0,"109":0,"110":0,"111":0,"112":0,"113":0,"114":0,"115":0,"116":0,"117":0,"118":0,"119":0,"120":0,"121":0,"122":0,"123":0,"124":0,"125":0,"126":0,"127":0,"128":0,"129":0,"130":0,"131":0,"132":0,"133":0,"134":0,"135":0,"136":0,"137":0,"138":0,"139":0,"140":0,"141":0,"142":0,"143":0,"144":0,"145":0,"146":0,"147":0,"148":0,"149":0,"150":0,"151":0,"152":0,"153":0,"154":0,"155":0,"156":0,"157":0,"158":0,"159":0,"160":0,"161":0,"162":0,"163":0,"164":0,"165":0,"166":0,"167":0,"168":0,"169":0,"170":0,"171":0,"172":0,"173":0,"174":0,"175":0,"176":0,"177":0,"178":0,"179":0,"180":0,"181":0,"182":0,"183":0,"184":0,"185":0,"186":0,"187":0,"188":0,"189":0,"190":0,"191":0,"192":0,"193":0,"194":0,"195":0,"196":0,"197":0,"198":0,"199":0,"200":0,"201":0,"202":0,"203":0,"204":0,"205":0,"206":0,"207":0,"208":0,"209":0,"210":0,"211":0,"212":0,"213":0,"214":0,"215":0,"216":0,"217":0,"218":0,"219":0,"220":0,"221":0,"222":0,"223":0,"224":0,"225":0,"226":0,"227":0,"228":0,"229":0,"230":0,"231":0,"232":0,"233":0,"234":0,"235":0,"236":0,"237":0,"238":0,"239":0,"240":10,"241":0,"242":10},"b":{"1":[0,0],"2":[0,0],"3":[0,0],"4":[0,0],"5":[0,0],"6":[0,0],"7":[0,0],"8":[0,0],"9":[0,0],"10":[0,0],"11":[0,0],"12":[0,0],"13":[0,0],"14":[0,0],"15":[0,0],"16":[0,0],"17":[0,0],"18":[0,0],"19":[0,0],"20":[0,0],"21":[0,0],"22":[0,0],"23":[0,0],"24":[0,0],"25":[0,0],"26":[0,0],"27":[0,0],"28":[0,0],"29":[0,0],"30":[0,0],"31":[0,0],"32":[0,0],"33":[0,0],"34":[0,0],"35":[0,0],"36":[0,0],"37":[0,0],"38":[0,0],"39":[0,0],"40":[0,0],"41":[0,0],"42":[0,0],"43":[0,0],"44":[0,0],"45":[0,0],"46":[0,0],"47":[0,0],"48":[0,0],"49":[0,0],"50":[0,0,0],"51":[0,10]},"f":{"1":10,"2":0,"3":0,"4":0,"5":0,"6":0,"7":0,"8":0,"9":0,"10":0,"11":0,"12":10,"13":0,"14":0,"15":0,"16":0,"17":0,"18":0,"19":0,"20":0,"21":0,"22":0,"23":0,"24":0,"25":0,"26":0,"27":0,"28":0,"29":0,"30":0,"31":0,"32":0,"33":0,"34":0,"35":0,"36":0,"37":0,"38":0,"39":0,"40":0,"41":0,"42":0,"43":0,"44":0,"45":0,"46":0,"47":0,"48":0,"49":0,"50":0,"51":0,"52":0,"53":0,"54":0,"55":0,"56":0,"57":10},"fnMap":{"1":{"name":"(anonymous_1)","line":17,"loc":{"start":{"line":17,"column":10},"end":{"line":17,"column":21}}},"2":{"name":"(anonymous_2)","line":35,"loc":{"start":{"line":35,"column":11},"end":{"line":35,"column":36}}},"3":{"name":"(anonymous_3)","line":39,"loc":{"start":{"line":39,"column":24},"end":{"line":39,"column":36}}},"4":{"name":"(anonymous_4)","line":45,"loc":{"start":{"line":45,"column":31},"end":{"line":45,"column":42}}},"5":{"name":"(anonymous_5)","line":46,"loc":{"start":{"line":46,"column":25},"end":{"line":46,"column":40}}},"6":{"name":"(anonymous_6)","line":52,"loc":{"start":{"line":52,"column":79},"end":{"line":52,"column":94}}},"7":{"name":"(anonymous_7)","line":69,"loc":{"start":{"line":69,"column":19},"end":{"line":69,"column":36}}},"8":{"name":"(anonymous_8)","line":72,"loc":{"start":{"line":72,"column":22},"end":{"line":72,"column":32}}},"9":{"name":"(anonymous_9)","line":75,"loc":{"start":{"line":75,"column":12},"end":{"line":75,"column":31}}},"10":{"name":"(anonymous_10)","line":78,"loc":{"start":{"line":78,"column":38},"end":{"line":78,"column":50}}},"11":{"name":"(anonymous_11)","line":102,"loc":{"start":{"line":102,"column":27},"end":{"line":102,"column":38}}},"12":{"name":"(anonymous_12)","line":108,"loc":{"start":{"line":108,"column":15},"end":{"line":108,"column":26}}},"13":{"name":"(anonymous_13)","line":114,"loc":{"start":{"line":114,"column":13},"end":{"line":114,"column":24}}},"14":{"name":"(anonymous_14)","line":120,"loc":{"start":{"line":120,"column":16},"end":{"line":120,"column":45}}},"15":{"name":"(anonymous_15)","line":154,"loc":{"start":{"line":154,"column":16},"end":{"line":154,"column":41}}},"16":{"name":"(anonymous_16)","line":160,"loc":{"start":{"line":160,"column":21},"end":{"line":160,"column":36}}},"17":{"name":"(anonymous_17)","line":172,"loc":{"start":{"line":172,"column":14},"end":{"line":172,"column":33}}},"18":{"name":"(anonymous_18)","line":176,"loc":{"start":{"line":176,"column":109},"end":{"line":176,"column":124}}},"19":{"name":"(anonymous_19)","line":188,"loc":{"start":{"line":188,"column":19},"end":{"line":188,"column":35}}},"20":{"name":"(anonymous_20)","line":189,"loc":{"start":{"line":189,"column":43},"end":{"line":189,"column":58}}},"21":{"name":"(anonymous_21)","line":194,"loc":{"start":{"line":194,"column":23},"end":{"line":194,"column":44}}},"22":{"name":"(anonymous_22)","line":210,"loc":{"start":{"line":210,"column":23},"end":{"line":210,"column":54}}},"23":{"name":"(anonymous_23)","line":213,"loc":{"start":{"line":213,"column":64},"end":{"line":213,"column":74}}},"24":{"name":"(anonymous_24)","line":215,"loc":{"start":{"line":215,"column":29},"end":{"line":215,"column":43}}},"25":{"name":"(anonymous_25)","line":228,"loc":{"start":{"line":228,"column":28},"end":{"line":228,"column":49}}},"26":{"name":"(anonymous_26)","line":231,"loc":{"start":{"line":231,"column":65},"end":{"line":231,"column":77}}},"27":{"name":"(anonymous_27)","line":234,"loc":{"start":{"line":234,"column":80},"end":{"line":234,"column":94}}},"28":{"name":"(anonymous_28)","line":245,"loc":{"start":{"line":245,"column":23},"end":{"line":245,"column":39}}},"29":{"name":"(anonymous_29)","line":250,"loc":{"start":{"line":250,"column":45},"end":{"line":250,"column":59}}},"30":{"name":"(anonymous_30)","line":260,"loc":{"start":{"line":260,"column":27},"end":{"line":260,"column":62}}},"31":{"name":"(anonymous_31)","line":261,"loc":{"start":{"line":261,"column":64},"end":{"line":261,"column":74}}},"32":{"name":"(anonymous_32)","line":266,"loc":{"start":{"line":266,"column":48},"end":{"line":266,"column":62}}},"33":{"name":"(anonymous_33)","line":273,"loc":{"start":{"line":273,"column":77},"end":{"line":273,"column":91}}},"34":{"name":"(anonymous_34)","line":280,"loc":{"start":{"line":280,"column":84},"end":{"line":280,"column":98}}},"35":{"name":"(anonymous_35)","line":295,"loc":{"start":{"line":295,"column":26},"end":{"line":295,"column":46}}},"36":{"name":"(anonymous_36)","line":301,"loc":{"start":{"line":301,"column":45},"end":{"line":301,"column":57}}},"37":{"name":"(anonymous_37)","line":305,"loc":{"start":{"line":305,"column":52},"end":{"line":305,"column":63}}},"38":{"name":"(anonymous_38)","line":314,"loc":{"start":{"line":314,"column":24},"end":{"line":314,"column":71}}},"39":{"name":"(anonymous_39)","line":322,"loc":{"start":{"line":322,"column":66},"end":{"line":322,"column":80}}},"40":{"name":"(anonymous_40)","line":335,"loc":{"start":{"line":335,"column":21},"end":{"line":335,"column":60}}},"41":{"name":"(anonymous_41)","line":342,"loc":{"start":{"line":342,"column":64},"end":{"line":342,"column":78}}},"42":{"name":"(anonymous_42)","line":353,"loc":{"start":{"line":353,"column":26},"end":{"line":353,"column":47}}},"43":{"name":"(anonymous_43)","line":358,"loc":{"start":{"line":358,"column":49},"end":{"line":358,"column":63}}},"44":{"name":"(anonymous_44)","line":368,"loc":{"start":{"line":368,"column":23},"end":{"line":368,"column":44}}},"45":{"name":"(anonymous_45)","line":386,"loc":{"start":{"line":386,"column":21},"end":{"line":386,"column":42}}},"46":{"name":"(anonymous_46)","line":404,"loc":{"start":{"line":404,"column":17},"end":{"line":404,"column":38}}},"47":{"name":"(anonymous_47)","line":410,"loc":{"start":{"line":410,"column":29},"end":{"line":410,"column":40}}},"48":{"name":"(anonymous_48)","line":431,"loc":{"start":{"line":431,"column":21},"end":{"line":431,"column":45}}},"49":{"name":"(anonymous_49)","line":457,"loc":{"start":{"line":457,"column":39},"end":{"line":457,"column":59}}},"50":{"name":"(anonymous_50)","line":503,"loc":{"start":{"line":503,"column":35},"end":{"line":503,"column":51}}},"51":{"name":"(anonymous_51)","line":549,"loc":{"start":{"line":549,"column":33},"end":{"line":549,"column":49}}},"52":{"name":"(anonymous_52)","line":568,"loc":{"start":{"line":568,"column":28},"end":{"line":568,"column":44}}},"53":{"name":"(anonymous_53)","line":572,"loc":{"start":{"line":572,"column":19},"end":{"line":572,"column":35}}},"54":{"name":"(anonymous_54)","line":576,"loc":{"start":{"line":576,"column":18},"end":{"line":576,"column":39}}},"55":{"name":"(anonymous_55)","line":593,"loc":{"start":{"line":593,"column":18},"end":{"line":593,"column":35}}},"56":{"name":"(anonymous_56)","line":599,"loc":{"start":{"line":599,"column":20},"end":{"line":599,"column":37}}},"57":{"name":"(anonymous_57)","line":603,"loc":{"start":{"line":603,"column":13},"end":{"line":603,"column":28}}}},"statementMap":{"1":{"start":{"line":1,"column":0},"end":{"line":7,"column":39}},"2":{"start":{"line":9,"column":0},"end":{"line":610,"column":2}},"3":{"start":{"line":18,"column":8},"end":{"line":18,"column":25}},"4":{"start":{"line":21,"column":8},"end":{"line":25,"column":9}},"5":{"start":{"line":22,"column":12},"end":{"line":22,"column":46}},"6":{"start":{"line":24,"column":12},"end":{"line":24,"column":93}},"7":{"start":{"line":28,"column":8},"end":{"line":32,"column":9}},"8":{"start":{"line":29,"column":12},"end":{"line":29,"column":42}},"9":{"start":{"line":31,"column":12},"end":{"line":31,"column":93}},"10":{"start":{"line":36,"column":8},"end":{"line":37,"column":26}},"11":{"start":{"line":39,"column":8},"end":{"line":43,"column":11}},"12":{"start":{"line":40,"column":12},"end":{"line":42,"column":13}},"13":{"start":{"line":41,"column":16},"end":{"line":41,"column":93}},"14":{"start":{"line":45,"column":8},"end":{"line":66,"column":11}},"15":{"start":{"line":46,"column":12},"end":{"line":63,"column":15}},"16":{"start":{"line":47,"column":16},"end":{"line":50,"column":17}},"17":{"start":{"line":48,"column":20},"end":{"line":48,"column":62}},"18":{"start":{"line":49,"column":20},"end":{"line":49,"column":33}},"19":{"start":{"line":52,"column":16},"end":{"line":62,"column":19}},"20":{"start":{"line":53,"column":20},"end":{"line":56,"column":21}},"21":{"start":{"line":54,"column":24},"end":{"line":54,"column":64}},"22":{"start":{"line":55,"column":24},"end":{"line":55,"column":37}},"23":{"start":{"line":58,"column":20},"end":{"line":58,"column":33}},"24":{"start":{"line":59,"column":20},"end":{"line":59,"column":55}},"25":{"start":{"line":61,"column":20},"end":{"line":61,"column":38}},"26":{"start":{"line":65,"column":12},"end":{"line":65,"column":27}},"27":{"start":{"line":70,"column":8},"end":{"line":70,"column":36}},"28":{"start":{"line":72,"column":8},"end":{"line":72,"column":36}},"29":{"start":{"line":76,"column":8},"end":{"line":76,"column":25}},"30":{"start":{"line":78,"column":8},"end":{"line":82,"column":11}},"31":{"start":{"line":79,"column":12},"end":{"line":81,"column":13}},"32":{"start":{"line":80,"column":16},"end":{"line":80,"column":83}},"33":{"start":{"line":84,"column":8},"end":{"line":84,"column":98}},"34":{"start":{"line":85,"column":8},"end":{"line":85,"column":112}},"35":{"start":{"line":86,"column":8},"end":{"line":86,"column":114}},"36":{"start":{"line":88,"column":8},"end":{"line":88,"column":43}},"37":{"start":{"line":95,"column":8},"end":{"line":103,"column":9}},"38":{"start":{"line":96,"column":12},"end":{"line":100,"column":13}},"39":{"start":{"line":102,"column":12},"end":{"line":102,"column":42}},"40":{"start":{"line":105,"column":8},"end":{"line":105,"column":26}},"41":{"start":{"line":109,"column":8},"end":{"line":109,"column":25}},"42":{"start":{"line":111,"column":8},"end":{"line":111,"column":95}},"43":{"start":{"line":115,"column":8},"end":{"line":115,"column":25}},"44":{"start":{"line":117,"column":8},"end":{"line":117,"column":93}},"45":{"start":{"line":122,"column":8},"end":{"line":122,"column":22}},"46":{"start":{"line":123,"column":8},"end":{"line":123,"column":43}},"47":{"start":{"line":124,"column":8},"end":{"line":124,"column":100}},"48":{"start":{"line":125,"column":8},"end":{"line":125,"column":34}},"49":{"start":{"line":126,"column":8},"end":{"line":126,"column":55}},"50":{"start":{"line":127,"column":8},"end":{"line":127,"column":61}},"51":{"start":{"line":128,"column":8},"end":{"line":128,"column":100}},"52":{"start":{"line":129,"column":8},"end":{"line":129,"column":22}},"53":{"start":{"line":131,"column":8},"end":{"line":149,"column":9}},"54":{"start":{"line":132,"column":12},"end":{"line":146,"column":13}},"55":{"start":{"line":133,"column":16},"end":{"line":133,"column":34}},"56":{"start":{"line":135,"column":16},"end":{"line":135,"column":64}},"57":{"start":{"line":137,"column":16},"end":{"line":137,"column":26}},"58":{"start":{"line":138,"column":16},"end":{"line":145,"column":17}},"59":{"start":{"line":139,"column":20},"end":{"line":139,"column":52}},"60":{"start":{"line":141,"column":20},"end":{"line":144,"column":21}},"61":{"start":{"line":142,"column":24},"end":{"line":142,"column":109}},"62":{"start":{"line":143,"column":24},"end":{"line":143,"column":28}},"63":{"start":{"line":148,"column":12},"end":{"line":148,"column":58}},"64":{"start":{"line":151,"column":8},"end":{"line":151,"column":22}},"65":{"start":{"line":155,"column":8},"end":{"line":156,"column":26}},"66":{"start":{"line":158,"column":8},"end":{"line":167,"column":11}},"67":{"start":{"line":161,"column":12},"end":{"line":164,"column":13}},"68":{"start":{"line":162,"column":16},"end":{"line":162,"column":56}},"69":{"start":{"line":163,"column":16},"end":{"line":163,"column":29}},"70":{"start":{"line":166,"column":12},"end":{"line":166,"column":30}},"71":{"start":{"line":169,"column":8},"end":{"line":169,"column":23}},"72":{"start":{"line":173,"column":8},"end":{"line":174,"column":26}},"73":{"start":{"line":176,"column":8},"end":{"line":183,"column":11}},"74":{"start":{"line":177,"column":12},"end":{"line":180,"column":13}},"75":{"start":{"line":178,"column":16},"end":{"line":178,"column":56}},"76":{"start":{"line":179,"column":16},"end":{"line":179,"column":29}},"77":{"start":{"line":182,"column":12},"end":{"line":182,"column":30}},"78":{"start":{"line":185,"column":8},"end":{"line":185,"column":23}},"79":{"start":{"line":189,"column":8},"end":{"line":191,"column":11}},"80":{"start":{"line":190,"column":12},"end":{"line":190,"column":38}},"81":{"start":{"line":195,"column":8},"end":{"line":197,"column":55}},"82":{"start":{"line":199,"column":8},"end":{"line":207,"column":9}},"83":{"start":{"line":200,"column":12},"end":{"line":206,"column":13}},"84":{"start":{"line":201,"column":16},"end":{"line":201,"column":69}},"85":{"start":{"line":203,"column":16},"end":{"line":205,"column":17}},"86":{"start":{"line":204,"column":20},"end":{"line":204,"column":29}},"87":{"start":{"line":211,"column":8},"end":{"line":211,"column":25}},"88":{"start":{"line":213,"column":8},"end":{"line":213,"column":77}},"89":{"start":{"line":215,"column":8},"end":{"line":225,"column":11}},"90":{"start":{"line":216,"column":12},"end":{"line":220,"column":13}},"91":{"start":{"line":217,"column":16},"end":{"line":217,"column":56}},"92":{"start":{"line":218,"column":16},"end":{"line":218,"column":29}},"93":{"start":{"line":219,"column":16},"end":{"line":219,"column":23}},"94":{"start":{"line":222,"column":12},"end":{"line":222,"column":53}},"95":{"start":{"line":224,"column":12},"end":{"line":224,"column":30}},"96":{"start":{"line":229,"column":8},"end":{"line":229,"column":25}},"97":{"start":{"line":231,"column":8},"end":{"line":242,"column":11}},"98":{"start":{"line":233,"column":12},"end":{"line":241,"column":13}},"99":{"start":{"line":234,"column":16},"end":{"line":240,"column":19}},"100":{"start":{"line":235,"column":20},"end":{"line":239,"column":21}},"101":{"start":{"line":236,"column":24},"end":{"line":236,"column":64}},"102":{"start":{"line":237,"column":24},"end":{"line":237,"column":37}},"103":{"start":{"line":238,"column":24},"end":{"line":238,"column":31}},"104":{"start":{"line":246,"column":8},"end":{"line":248,"column":26}},"105":{"start":{"line":250,"column":8},"end":{"line":255,"column":11}},"106":{"start":{"line":251,"column":12},"end":{"line":254,"column":13}},"107":{"start":{"line":252,"column":16},"end":{"line":252,"column":56}},"108":{"start":{"line":253,"column":16},"end":{"line":253,"column":29}},"109":{"start":{"line":257,"column":8},"end":{"line":257,"column":23}},"110":{"start":{"line":261,"column":8},"end":{"line":261,"column":77}},"111":{"start":{"line":263,"column":8},"end":{"line":264,"column":26}},"112":{"start":{"line":266,"column":8},"end":{"line":290,"column":11}},"113":{"start":{"line":267,"column":12},"end":{"line":271,"column":13}},"114":{"start":{"line":268,"column":16},"end":{"line":268,"column":56}},"115":{"start":{"line":269,"column":16},"end":{"line":269,"column":29}},"116":{"start":{"line":270,"column":16},"end":{"line":270,"column":23}},"117":{"start":{"line":273,"column":12},"end":{"line":289,"column":15}},"118":{"start":{"line":274,"column":16},"end":{"line":278,"column":17}},"119":{"start":{"line":275,"column":20},"end":{"line":275,"column":60}},"120":{"start":{"line":276,"column":20},"end":{"line":276,"column":33}},"121":{"start":{"line":277,"column":20},"end":{"line":277,"column":27}},"122":{"start":{"line":280,"column":16},"end":{"line":288,"column":19}},"123":{"start":{"line":281,"column":20},"end":{"line":285,"column":21}},"124":{"start":{"line":282,"column":24},"end":{"line":282,"column":64}},"125":{"start":{"line":283,"column":24},"end":{"line":283,"column":37}},"126":{"start":{"line":284,"column":24},"end":{"line":284,"column":31}},"127":{"start":{"line":287,"column":20},"end":{"line":287,"column":38}},"128":{"start":{"line":292,"column":8},"end":{"line":292,"column":23}},"129":{"start":{"line":296,"column":8},"end":{"line":299,"column":26}},"130":{"start":{"line":301,"column":8},"end":{"line":309,"column":11}},"131":{"start":{"line":302,"column":12},"end":{"line":308,"column":13}},"132":{"start":{"line":303,"column":16},"end":{"line":303,"column":60}},"133":{"start":{"line":305,"column":16},"end":{"line":307,"column":19}},"134":{"start":{"line":306,"column":20},"end":{"line":306,"column":64}},"135":{"start":{"line":311,"column":8},"end":{"line":311,"column":23}},"136":{"start":{"line":315,"column":8},"end":{"line":319,"column":26}},"137":{"start":{"line":321,"column":8},"end":{"line":330,"column":9}},"138":{"start":{"line":322,"column":12},"end":{"line":329,"column":15}},"139":{"start":{"line":323,"column":16},"end":{"line":326,"column":17}},"140":{"start":{"line":324,"column":20},"end":{"line":324,"column":62}},"141":{"start":{"line":325,"column":20},"end":{"line":325,"column":33}},"142":{"start":{"line":328,"column":16},"end":{"line":328,"column":59}},"143":{"start":{"line":332,"column":8},"end":{"line":332,"column":23}},"144":{"start":{"line":336,"column":8},"end":{"line":339,"column":26}},"145":{"start":{"line":341,"column":8},"end":{"line":348,"column":9}},"146":{"start":{"line":342,"column":12},"end":{"line":347,"column":15}},"147":{"start":{"line":343,"column":16},"end":{"line":346,"column":17}},"148":{"start":{"line":344,"column":20},"end":{"line":344,"column":62}},"149":{"start":{"line":345,"column":20},"end":{"line":345,"column":33}},"150":{"start":{"line":350,"column":8},"end":{"line":350,"column":23}},"151":{"start":{"line":354,"column":8},"end":{"line":356,"column":26}},"152":{"start":{"line":358,"column":8},"end":{"line":363,"column":11}},"153":{"start":{"line":359,"column":12},"end":{"line":362,"column":13}},"154":{"start":{"line":360,"column":16},"end":{"line":360,"column":56}},"155":{"start":{"line":361,"column":16},"end":{"line":361,"column":29}},"156":{"start":{"line":365,"column":8},"end":{"line":365,"column":23}},"157":{"start":{"line":369,"column":8},"end":{"line":369,"column":42}},"158":{"start":{"line":372,"column":8},"end":{"line":375,"column":9}},"159":{"start":{"line":373,"column":12},"end":{"line":373,"column":149}},"160":{"start":{"line":374,"column":12},"end":{"line":374,"column":25}},"161":{"start":{"line":378,"column":8},"end":{"line":381,"column":9}},"162":{"start":{"line":379,"column":12},"end":{"line":379,"column":130}},"163":{"start":{"line":380,"column":12},"end":{"line":380,"column":25}},"164":{"start":{"line":383,"column":8},"end":{"line":383,"column":20}},"165":{"start":{"line":387,"column":8},"end":{"line":389,"column":55}},"166":{"start":{"line":391,"column":8},"end":{"line":399,"column":9}},"167":{"start":{"line":392,"column":12},"end":{"line":398,"column":13}},"168":{"start":{"line":393,"column":16},"end":{"line":393,"column":69}},"169":{"start":{"line":395,"column":16},"end":{"line":397,"column":17}},"170":{"start":{"line":396,"column":20},"end":{"line":396,"column":32}},"171":{"start":{"line":401,"column":8},"end":{"line":401,"column":21}},"172":{"start":{"line":405,"column":8},"end":{"line":405,"column":42}},"173":{"start":{"line":407,"column":8},"end":{"line":407,"column":65}},"174":{"start":{"line":411,"column":8},"end":{"line":415,"column":18}},"175":{"start":{"line":417,"column":8},"end":{"line":426,"column":9}},"176":{"start":{"line":418,"column":12},"end":{"line":418,"column":41}},"177":{"start":{"line":420,"column":12},"end":{"line":423,"column":15}},"178":{"start":{"line":425,"column":12},"end":{"line":425,"column":16}},"179":{"start":{"line":428,"column":8},"end":{"line":428,"column":23}},"180":{"start":{"line":432,"column":8},"end":{"line":432,"column":84}},"181":{"start":{"line":434,"column":8},"end":{"line":434,"column":25}},"182":{"start":{"line":436,"column":8},"end":{"line":445,"column":9}},"183":{"start":{"line":437,"column":12},"end":{"line":437,"column":41}},"184":{"start":{"line":439,"column":12},"end":{"line":444,"column":13}},"185":{"start":{"line":440,"column":16},"end":{"line":443,"column":19}},"186":{"start":{"line":447,"column":8},"end":{"line":447,"column":47}},"187":{"start":{"line":449,"column":8},"end":{"line":452,"column":11}},"188":{"start":{"line":454,"column":8},"end":{"line":454,"column":23}},"189":{"start":{"line":458,"column":8},"end":{"line":464,"column":42}},"190":{"start":{"line":466,"column":8},"end":{"line":489,"column":9}},"191":{"start":{"line":467,"column":12},"end":{"line":467,"column":65}},"192":{"start":{"line":469,"column":12},"end":{"line":474,"column":13}},"193":{"start":{"line":470,"column":16},"end":{"line":473,"column":19}},"194":{"start":{"line":475,"column":12},"end":{"line":475,"column":26}},"195":{"start":{"line":477,"column":12},"end":{"line":481,"column":13}},"196":{"start":{"line":478,"column":16},"end":{"line":478,"column":41}},"197":{"start":{"line":478,"column":27},"end":{"line":478,"column":41}},"198":{"start":{"line":479,"column":16},"end":{"line":479,"column":36}},"199":{"start":{"line":480,"column":16},"end":{"line":480,"column":45}},"200":{"start":{"line":483,"column":12},"end":{"line":488,"column":13}},"201":{"start":{"line":484,"column":16},"end":{"line":487,"column":19}},"202":{"start":{"line":491,"column":8},"end":{"line":491,"column":47}},"203":{"start":{"line":493,"column":8},"end":{"line":493,"column":188}},"204":{"start":{"line":495,"column":8},"end":{"line":498,"column":11}},"205":{"start":{"line":500,"column":8},"end":{"line":500,"column":23}},"206":{"start":{"line":504,"column":8},"end":{"line":510,"column":42}},"207":{"start":{"line":512,"column":8},"end":{"line":535,"column":9}},"208":{"start":{"line":513,"column":12},"end":{"line":513,"column":42}},"209":{"start":{"line":515,"column":12},"end":{"line":520,"column":13}},"210":{"start":{"line":516,"column":16},"end":{"line":519,"column":19}},"211":{"start":{"line":521,"column":12},"end":{"line":521,"column":26}},"212":{"start":{"line":523,"column":12},"end":{"line":527,"column":13}},"213":{"start":{"line":524,"column":16},"end":{"line":524,"column":41}},"214":{"start":{"line":524,"column":27},"end":{"line":524,"column":41}},"215":{"start":{"line":525,"column":16},"end":{"line":525,"column":36}},"216":{"start":{"line":526,"column":16},"end":{"line":526,"column":45}},"217":{"start":{"line":529,"column":12},"end":{"line":534,"column":13}},"218":{"start":{"line":530,"column":16},"end":{"line":533,"column":19}},"219":{"start":{"line":537,"column":8},"end":{"line":537,"column":47}},"220":{"start":{"line":539,"column":8},"end":{"line":539,"column":160}},"221":{"start":{"line":541,"column":8},"end":{"line":544,"column":11}},"222":{"start":{"line":546,"column":8},"end":{"line":546,"column":23}},"223":{"start":{"line":550,"column":8},"end":{"line":555,"column":15}},"224":{"start":{"line":557,"column":8},"end":{"line":563,"column":9}},"225":{"start":{"line":558,"column":12},"end":{"line":558,"column":65}},"226":{"start":{"line":559,"column":12},"end":{"line":562,"column":15}},"227":{"start":{"line":565,"column":8},"end":{"line":565,"column":23}},"228":{"start":{"line":569,"column":8},"end":{"line":569,"column":78}},"229":{"start":{"line":573,"column":8},"end":{"line":573,"column":40}},"230":{"start":{"line":577,"column":8},"end":{"line":578,"column":42}},"231":{"start":{"line":580,"column":8},"end":{"line":588,"column":9}},"232":{"start":{"line":581,"column":12},"end":{"line":587,"column":13}},"233":{"start":{"line":582,"column":16},"end":{"line":582,"column":60}},"234":{"start":{"line":584,"column":16},"end":{"line":586,"column":17}},"235":{"start":{"line":585,"column":20},"end":{"line":585,"column":29}},"236":{"start":{"line":590,"column":8},"end":{"line":590,"column":21}},"237":{"start":{"line":594,"column":8},"end":{"line":594,"column":48}},"238":{"start":{"line":596,"column":8},"end":{"line":596,"column":69}},"239":{"start":{"line":600,"column":8},"end":{"line":600,"column":28}},"240":{"start":{"line":604,"column":8},"end":{"line":606,"column":9}},"241":{"start":{"line":605,"column":12},"end":{"line":605,"column":47}},"242":{"start":{"line":608,"column":8},"end":{"line":608,"column":20}}},"branchMap":{"1":{"line":40,"type":"if","locations":[{"start":{"line":40,"column":12},"end":{"line":40,"column":12}},{"start":{"line":40,"column":12},"end":{"line":40,"column":12}}]},"2":{"line":47,"type":"if","locations":[{"start":{"line":47,"column":16},"end":{"line":47,"column":16}},{"start":{"line":47,"column":16},"end":{"line":47,"column":16}}]},"3":{"line":53,"type":"if","locations":[{"start":{"line":53,"column":20},"end":{"line":53,"column":20}},{"start":{"line":53,"column":20},"end":{"line":53,"column":20}}]},"4":{"line":79,"type":"if","locations":[{"start":{"line":79,"column":12},"end":{"line":79,"column":12}},{"start":{"line":79,"column":12},"end":{"line":79,"column":12}}]},"5":{"line":95,"type":"if","locations":[{"start":{"line":95,"column":8},"end":{"line":95,"column":8}},{"start":{"line":95,"column":8},"end":{"line":95,"column":8}}]},"6":{"line":131,"type":"if","locations":[{"start":{"line":131,"column":8},"end":{"line":131,"column":8}},{"start":{"line":131,"column":8},"end":{"line":131,"column":8}}]},"7":{"line":141,"type":"if","locations":[{"start":{"line":141,"column":20},"end":{"line":141,"column":20}},{"start":{"line":141,"column":20},"end":{"line":141,"column":20}}]},"8":{"line":161,"type":"if","locations":[{"start":{"line":161,"column":12},"end":{"line":161,"column":12}},{"start":{"line":161,"column":12},"end":{"line":161,"column":12}}]},"9":{"line":177,"type":"if","locations":[{"start":{"line":177,"column":12},"end":{"line":177,"column":12}},{"start":{"line":177,"column":12},"end":{"line":177
[...]
olors). Default standard.');","","/**"," * Override argv[1] so that usage command is"," * formatted correctly."," */","process.argv[1] = 'astrum new';","","program.parse(process.argv);","","","/**"," * Automatically output help if no parameters are passed."," */","if (!process.argv.slice(2).length) {","    program.outputHelp();","}","","/**"," * Create new component"," */","var group_name = program.args[0];","if (group_name) {","","    if (group_name !== true && utils.validateComponent(group_name)) {","","        // Build new component","        var parts = group_name.split(\"/\"),","            newComponent = {};","","        newComponent.group = parts[0];","        newComponent.name = parts[1];","","        // Prompt for additional component details","        inquirer.prompt([","            {","                name: 'title',","                message: function () {","                    console.log();","                    console.log(chalk.grey('New component details:'));","                    console.log(chalk.grey('----------------------------------------------------------------'));","                    console.log(chalk.grey('Component group: ' + parts[0]));","                    console.log(chalk.grey('Component name: ' + parts[1]));","                    return 'Component title:'","                },","                validate: function (str) {","                    return str !== '';","                }","            },","            {","                when: function () {","                    return !program.type || program.type !== 'colors';","                },","                type: 'list',","                name: 'width',","                message: function () {","                    return 'Component width:'","                },","                choices: [","                    {","                        name: 'Full width',","                        value: 'full'","                    },","                    {","                        name: 'Half width',","                        value: 'half'","                    }","                ]","            },","            {","                when: function () {","                    return !program.type || program.type !== 'colors';","                },","                type: 'confirm',","                name: 'sample_dark_background',","                message: function () {","                    console.log();","                    console.log(chalk.grey('Component options:'));","                    console.log(chalk.grey('----------------------------------------------------------------'));","                    return 'Apply a dark background to the code sample?'","                },","                default: false","            },","            {","                when: function () {","                    return !program.type || program.type !== 'colors';","                },","                type: 'confirm',","                name: 'disable_code_sample',","                message: function () {","                    return 'Disable code sample?'","                },","                default: false","            }","        ]).then(function (answers) {","            var typeColor = program.type && program.type == 'colors';","","            newComponent.title = answers.title;","            if (answers.width != 'full') newComponent.width = answers.width;","","            if (answers.sample_dark_background) {","                if(!newComponent.hasOwnProperty('options')) { newComponent.options = {} };","                newComponent.options.sample_dark_background = answers.sample_dark_background;","            }","","            if (answers.disable_code_sample) {","                if(!newComponent.hasOwnProperty('options')) { newComponent.options = {} };","                newComponent.options.disable_code_sample = answers.disable_code_sample;","            }","","            if (typeColor) {","                newComponent.type = 'colors';","                newComponent.colors = [];","            }","","            // If new group prompt for new group details","            if (!utils.groupExists(group_name)) {","                var newGroup = {};","","                inquirer.prompt([","                    {","                        name: 'title',","                        message: function () {","                            console.log();","                            console.log(chalk.grey('New group details:'));","                            console.log(chalk.grey('----------------------------------------------------------------'));","                            console.log(chalk.grey('Group name: ' + parts[0]));","                            return 'Group title:';","                        },","                        validate: function (str) {","                            return str !== '';","                        }","                    },","                    {","                        type: 'list',","                        name: 'group_position',","                        message: 'Select group position:',","                        choices: utils.getGroupPositionChoices()","                    }","                ]).then(function (answers) {","                    newGroup.name = parts[0];","                    newGroup.title = answers.title;","","                    utils.$data.groups.splice(answers.group_position, 0, newGroup);","                    utils.$data.groups[answers.group_position].components = [newComponent];","","                    if (utils.createComponentFiles(newComponent)) {","                        utils.saveData(function () {","                            console.log();","                            console.log(chalk.grey('----------------------------------------------------------------'));","                            console.log(chalk.green('\\u2713 Pattern library data saved successfully.'));","                            console.log(chalk.grey('----------------------------------------------------------------'));","","                            if (typeColor) {","                                console.log();","                                console.log(chalk.yellow('Ignore ' + utils.$config.path + '/components/' + newComponent.group + '/' + newComponent.name + '/markup.html'));","                                console.log(chalk.yellow('Add your component description to ' + utils.$config.path + '/components/' + newComponent.group + '/' + newComponent.name + '/description.md (Markdown supported)'));","                                console.log();","                                console.log(chalk.yellow('Locate this component in your data.json file and add your colors to the \"colors\"'));","                                console.log(chalk.yellow('array that has been created for you. Colors must be hex values e.g.:'));","                                console.log();","                                console.log(chalk.yellow('\"colors\": ['));","                                console.log(chalk.yellow('    \"#4c4c4c\",'));","                                console.log(chalk.yellow('    \"#7d8284\",'));","                                console.log(chalk.yellow('    \"#a6b1b5\",'));","                                console.log(chalk.yellow('    \"#e6eaf2\",'));","                                console.log(chalk.yellow('    \"#FFFFFF\"'));","                                console.log(chalk.yellow(']'));","                                console.log();","                                console.log(chalk.yellow('You can also add complimentary colors by comma separating the values e.g.:'));","                                console.log();","                                console.log(chalk.yellow('\"colors\": ['));","                                console.log(chalk.yellow('    \"#7da9f9,#507ed3\",'));","                                console.log(chalk.yellow('    \"#f469a7,#c14c80\",'));","                                console.log(chalk.yellow('    \"#60ceb8,#3fa18d\",'));","                                console.log(chalk.yellow('    \"#f5d13f,#f5a63f\",'));","                                console.log(chalk.yellow('    \"#e199e5,#c776cb\"'));","                                console.log(chalk.yellow(']'));","                                console.log();","                            } else {","                                console.log();","                                console.log(chalk.yellow('Add your group description to ' + utils.$config.path + '/components/' + newComponent.group + '/description.md (Markdown supported)'));","                                console.log(chalk.yellow('Add your component markup to ' + utils.$config.path + '/components/' + newComponent.group + '/' + newComponent.name + '/markup.html'));","                                console.log(chalk.yellow('Add your component description to ' + utils.$config.path + '/components/' + newComponent.group + '/' + newComponent.name + '/description.md (Markdown supported)'));","                                console.log();","                            }","                        });","                    }","                });","","                // Else prompt to position new component in group","            } else {","","                inquirer.prompt([","                    {","                        type: 'list',","                        name: 'component_position',","                        message: 'Select component position in the \"' + newComponent.group + '\" group:',","                        choices: utils.getComponentPositionChoices(newComponent.group),","                        default: utils.getComponentPositionChoices(newComponent.group).length - 1","                    }","                ]).then(function (answers) {","                    var groupIndex = utils.getGroupIndex(newComponent.group);","","                    utils.$data.groups[groupIndex].components.splice(answers.component_position, 0, newComponent);","","                    if (utils.createComponentFiles(newComponent)) {","                        utils.saveData(function () {","                            console.log();","                            console.log(chalk.grey('----------------------------------------------------------------'));","                            console.log(chalk.green('\\u2713 Pattern library data saved successfully.'));","                            console.log(chalk.grey('----------------------------------------------------------------'));","","                            if (typeColor) {","                                console.log();","                                console.log(chalk.yellow('Ignore ' + utils.$config.path + '/components/' + newComponent.group + '/' + newComponent.name + '/markup.html'));","                                console.log(chalk.yellow('Add your component description to ' + utils.$config.path + '/components/' + newComponent.group + '/' + newComponent.name + '/description.md (Markdown supported)'));","                                console.log();","                                console.log(chalk.yellow('Locate this component in your data.json file and add your colors to the \"colors\"'));","                                console.log(chalk.yellow('array that has been created for you. Colors must be hex values e.g.:'));","                                console.log();","                                console.log(chalk.yellow('\"colors\": ['));","                                console.log(chalk.yellow('    \"#4c4c4c\",'));","                                console.log(chalk.yellow('    \"#7d8284\",'));","                                console.log(chalk.yellow('    \"#a6b1b5\",'));","                                console.log(chalk.yellow('    \"#e6eaf2\",'));","                                console.log(chalk.yellow('    \"#FFFFFF\"'));","                                console.log(chalk.yellow(']'));","                                console.log();","                                console.log(chalk.yellow('You can also add complimentary colors by comma separating the values e.g.:'));","                                console.log();","                                console.log(chalk.yellow('\"colors\": ['));","                                console.log(chalk.yellow('    \"#7da9f9,#507ed3\",'));","                                console.log(chalk.yellow('    \"#f469a7,#c14c80\",'));","                                console.log(chalk.yellow('    \"#60ceb8,#3fa18d\",'));","                                console.log(chalk.yellow('    \"#f5d13f,#f5a63f\",'));","                                console.log(chalk.yellow('    \"#e199e5,#c776cb\"'));","                                console.log(chalk.yellow(']'));","                                console.log();","                            } else {","                                console.log();","                                console.log(chalk.yellow('Add your component markup to ' + utils.$config.path + '/components/' + newComponent.group + '/' + newComponent.name + '/markup.html'));","                                console.log(chalk.yellow('Add your component description to ' + utils.$config.path + '/components/' + newComponent.group + '/' + newComponent.name + '/description.md (Markdown supported)'));","                                console.log();","                            }","                        });","                    }","                });","            }","        });","","        // Return error","    } else if (group_name == true) {","        console.log(chalk.red('Error: To create a new component supply a \"group/name\" parameter.'))","    }","}",""],"l":{"2":2,"9":2,"11":0,"20":0,"22":0,"28":0,"29":0,"35":0,"36":0,"38":0,"41":0,"44":0,"45":0,"48":0,"52":0,"53":0,"54":0,"55":0,"56":0,"57":0,"60":0,"65":0,"70":0,"85":0,"90":0,"91":0,"92":0,"93":0,"99":0,"104":0,"109":0,"111":0,"112":0,"114":0,"115":0,"116":0,"119":0,"120":0,"121":0,"124":0,"125":0,"126":0,"130":0,"131":0,"133":0,"137":0,"138":0,"139":0,"140":0,"141":0,"144":0,"154":0,"155":0,"157":0,"158":0,"160":0,"161":0,"162":0,"163":0,"164":0,"165":0,"167":0,"168":0,"169":0,"170":0,"171":0,"172":0,"173":0,"174":0,"175":0,"176":0,"177":0,"178":0,"179":0,"180":0,"181":0,"182":0,"183":0,"184":0,"185":0,"186":0,"187":0,"188":0,"189":0,"190":0,"191":0,"192":0,"194":0,"195":0,"196":0,"197":0,"198":0,"207":0,"216":0,"218":0,"220":0,"221":0,"222":0,"223":0,"224":0,"225":0,"227":0,"228":0,"229":0,"230":0,"231":0,"232":0,"233":0,"234":0,"235":0,"236":0,"237":0,"238":0,"239":0,"240":0,"241":0,"242":0,"243":0,"244":0,"245":0,"246":0,"247":0,"248":0,"249":0,"250":0,"251":0,"252":0,"254":0,"255":0,"256":0,"257":0,"266":0,"267":0}},"/home/travis/build/npmtest/node-npmtest-astrum/node_modules/astrum/manager/astrum-update.js":{"path":"/home/travis/build/npmtest/node-npmtest-astrum/node_modules/astrum/manager/astrum-update.js","s":{"1":2,"2":2,"3":0,"4":0,"5":0,"6":0,"7":0,"8":0,"9":0,"10":0,"11":0,"12":0,"13":0,"14":0,"15":0,"16":0,"17":0,"18":0,"19":0,"20":0,"21":0,"22":0,"23":0,"24":0,"25":0,"26":0},"b":{"1":[0,0],"2":[0,0],"3":[0,0]},"f":{"1":0,"2":0},"fnMap":{"1":{"name":"(anonymous_1)","line":34,"loc":{"start":{"line":34,"column":17},"end":{"line":34,"column":29}}},"2":{"name":"(anonymous_2)","line":46,"loc":{"start":{"line":46,"column":17},"end":{"line":46,"column":29}}}},"statementMap":{"1":{"start":{"line":2,"column":0},"end":{"line":7,"column":31}},"2":{"start":{"line":9,"column":0},"end":{"line":9,"column":13}},"3":{"start":{"line":11,"column":0},"end":{"line":14,"column":65}},"4":{"start":{"line":20,"column":0},"end":{"line":20,"column":34}},"5":{"start":{"line":22,"column":0},"end":{"line":22,"column":28}},"6":{"start":{"line":27,"column":0},"end":{"line":27,"column":33}},"7":{"start":{"line":28,"column":0},"end":{"line":28,"column":34}},"8":{"start":{"line":33,"column":0},"end":{"line":63,"column":1}},"9":{"start":{"line":34,"column":4},"end":{"line":40,"column":7}},"10":{"start":{"line":35,"column":8},"end":{"line":35,"column":22}},"11":{"start":{"line":36,"column":8},"end":{"line":36,"column":100}},"12":{"start":{"line":37,"column":8},"end":{"line":37,"column":100}},"13":{"start":{"line":38,"column":8},"end":{"line":38,"column":100}},"14":{"start":{"line":39,"column":8},"end":{"line":39,"column":22}},"15":{"start":{"line":45,"column":7},"end":{"line":63,"column":1}},"16":{"start":{"line":46,"column":4},"end":{"line":52,"column":7}},"17":{"start":{"line":47,"column":8},"end":{"line":47,"column":22}},"18":{"start":{"line":48,"column":8},"end":{"line":48,"column":100}},"19":{"start":{"line":49,"column":8},"end":{"line":49,"column":127}},"20":{"start":{"line":50,"column":8},"end":{"line":50,"column":100}},"21":{"start":{"line":51,"column":8},"end":{"line":51,"column":22}},"22":{"start":{"line":58,"column":4},"end":{"line":58,"column":18}},"23":{"start":{"line":59,"column":4},"end":{"line":59,"column":96}},"24":{"start":{"line":60,"column":4},"end":{"line":60,"column":64}},"25":{"start":{"line":61,"column":4},"end":{"line":61,"column":96}},"26":{"start":{"line":62,"column":4},"end":{"line":62,"column":18}}},"branchMap":{"1":{"line":33,"type":"if","locations":[{"start":{"line":33,"column":0},"end":{"line":33,"column":0}},{"start":{"line":33,"column":0},"end":{"line":33,"column":0}}]},"2":{"line":33,"type":"binary-expr","locations":[{"start":{"line":33,"column":4},"end":{"line":33,"column":17}},{"start":{"line":33,"column":21},"end":{"line":33,"column":45}}]},"3":{"line":45,"type":"if","locations":[{"start":{"line":45,"column":7},"end":{"line":45,"column":7}},{"start":{"line":45,"column":7},"end":{"line":45,"column":7}}]}},"code":["//#!/usr/bin/env node","var Command = require('commander').Command,","    program = require('commander'),","    fs = require('fs-extra'),","    chalk = require('chalk'),","    inquirer = require('inquirer'),","    utils = require('./utils');","","utils.init();","","program","    .usage('[path]')","    .description(chalk.yellow('Update an existing pattern library.'))","    .option('-f, --force', 'Force update the Astrum instance. ');","","/**"," * Override argv[1] so that usage command is"," * formatted correctly."," */","process.argv[1] = 'astrum update';","","program.parse(process.argv);","","/**"," * Update pattern library."," */","oldVersion = utils.$data.version;","newVersion = utils.$pjson.version;","","/**"," * Force restore instance."," */","if (program.force && newVersion == oldVersion) {","    utils.update(function () {","        console.log();","        console.log(chalk.grey('----------------------------------------------------------------'));","        console.log(chalk.green('\\u2713 Pattern library forcibly restored to ' + newVersion + '.'));","        console.log(chalk.grey('----------------------------------------------------------------'));","        console.log();","    });","","/**"," * Update instance."," */","} else if(newVersion !== oldVersion) {","    utils.update(function () {","        console.log();","        console.log(chalk.grey('----------------------------------------------------------------'));","        console.log(chalk.green('\\u2713 Pattern library successfully updated from ' + oldVersion + ' to ' + newVersion + '.'));","        console.log(chalk.grey('----------------------------------------------------------------'));","        console.log();","    });","","/**"," * Instance up-to-date."," */","} else {","    console.log();","    console.log(chalk.grey('----------------------------------------------------------------'));","    console.log(chalk.yellow('Pattern library is up-to-date.'));","    console.log(chalk.grey('----------------------------------------------------------------'));","    console.log();","}"],"l":{"2":2,"9":2,"11":0,"20":0,"22":0,"27":0,"28":0,"33":0,"34":0,"35":0,"36":0,"37":0,"38":0,"39":0,"45":0,"46":0,"47":0,"48":0,"49":0,"50":0,"51":0,"58":0,"59":0,"60":0,"61":0,"62":0}}}